<?xml version="1.0" encoding="utf-8"?>
<CoverageSession xmlns:xsd="http://www.w3.org/2001/XMLSchema" xmlns:xsi="http://www.w3.org/2001/XMLSchema-instance" Version="0.0.0.0">
  <Summary numSequencePoints="908" visitedSequencePoints="762" numBranchPoints="0" visitedBranchPoints="0" sequenceCoverage="83.92" branchCoverage="0.0" maxCyclomaticComplexity="0" minCyclomaticComplexity="0" maxCrapScore="0" minCrapScore="0" visitedClasses="27" numClasses="27" visitedMethods="133" numMethods="133" />
  <Modules>
    <Module>
      <Summary numSequencePoints="646" visitedSequencePoints="537" numBranchPoints="0" visitedBranchPoints="0" sequenceCoverage="83.13" branchCoverage="0.0" maxCyclomaticComplexity="0" minCyclomaticComplexity="0" maxCrapScore="0" minCrapScore="0" visitedClasses="16" numClasses="16" visitedMethods="78" numMethods="78" />
      <ModuleTime>0001-01-01T00:00:00</ModuleTime>
      <ModuleName>Assembly-CSharp-Editor</ModuleName>
      <Files>
        <File uid="1" fullPath="Z:/Coding/Unity projects/unity-lab-1/Assets/Editor/CellTests.cs" />
        <File uid="2" fullPath="Z:/Coding/Unity projects/unity-lab-1/Assets/Editor/CellViewTests.cs" />
        <File uid="3" fullPath="Z:/Coding/Unity projects/unity-lab-1/Assets/Editor/GameFieldTests.cs" />
        <File uid="4" fullPath="Z:/Coding/Unity projects/unity-lab-1/Assets/Editor/GameManagerTests.cs" />
        <File uid="5" fullPath="Z:/Coding/Unity projects/unity-lab-1/Assets/Editor/TileBoardTests.cs" />
        <File uid="6" fullPath="Z:/Coding/Unity projects/unity-lab-1/Assets/Editor/TileCellTests.cs" />
        <File uid="7" fullPath="Z:/Coding/Unity projects/unity-lab-1/Assets/Editor/TileGridTests.cs" />
        <File uid="8" fullPath="Z:/Coding/Unity projects/unity-lab-1/Assets/Editor/TileRowTests.cs" />
        <File uid="9" fullPath="Z:/Coding/Unity projects/unity-lab-1/Assets/Editor/TileScriptTests.cs" />
        <File uid="10" fullPath="Z:/Coding/Unity projects/unity-lab-1/Assets/Editor/TileTests.cs" />
      </Files>
      <Classes>
        <Class>
          <Summary numSequencePoints="34" visitedSequencePoints="34" numBranchPoints="0" visitedBranchPoints="0" sequenceCoverage="100.0" branchCoverage="0.0" maxCyclomaticComplexity="0" minCyclomaticComplexity="0" maxCrapScore="0" minCrapScore="0" visitedClasses="1" numClasses="1" visitedMethods="4" numMethods="4" />
          <FullName>Editor.CellTests</FullName>
          <Methods>
            <Method visited="true" cyclomaticComplexity="0" nPathComplexity="0" sequenceCoverage="100.0" branchCoverage="0" crapScore="0" isConstructor="false" isStatic="false" isGetter="false" isSetter="false">
              <Summary numSequencePoints="7" visitedSequencePoints="7" numBranchPoints="0" visitedBranchPoints="0" sequenceCoverage="100.0" branchCoverage="0" maxCyclomaticComplexity="0" minCyclomaticComplexity="0" maxCrapScore="0" minCrapScore="0" visitedClasses="0" numClasses="0" visitedMethods="1" numMethods="1" />
              <MetadataToken>100663299</MetadataToken>
              <Name>System.Void Editor.CellTests::Cell_Constructor_InitializesCorrectly()</Name>
              <FileRef uid="1" />
              <SequencePoints>
                <SequencePoint vc="1" uspid="1227" ordinal="0" offset="0" sl="13" sc="9" el="13" ec="9" bec="0" bev="0" fileid="1" />
                <SequencePoint vc="1" uspid="1228" ordinal="0" offset="1" sl="14" sc="13" el="14" ec="13" bec="0" bev="0" fileid="1" />
                <SequencePoint vc="1" uspid="1229" ordinal="0" offset="10" sl="15" sc="13" el="15" ec="13" bec="0" bev="0" fileid="1" />
                <SequencePoint vc="1" uspid="1230" ordinal="0" offset="12" sl="17" sc="13" el="17" ec="13" bec="0" bev="0" fileid="1" />
                <SequencePoint vc="1" uspid="1231" ordinal="0" offset="20" sl="19" sc="13" el="19" ec="13" bec="0" bev="0" fileid="1" />
                <SequencePoint vc="1" uspid="1232" ordinal="0" offset="58" sl="20" sc="13" el="20" ec="13" bec="0" bev="0" fileid="1" />
                <SequencePoint vc="1" uspid="1233" ordinal="0" offset="86" sl="21" sc="9" el="21" ec="9" bec="0" bev="0" fileid="1" />
              </SequencePoints>
              <BranchPoints />
            </Method>
            <Method visited="true" cyclomaticComplexity="0" nPathComplexity="0" sequenceCoverage="100.0" branchCoverage="0" crapScore="0" isConstructor="false" isStatic="false" isGetter="false" isSetter="false">
              <Summary numSequencePoints="9" visitedSequencePoints="9" numBranchPoints="0" visitedBranchPoints="0" sequenceCoverage="100.0" branchCoverage="0" maxCyclomaticComplexity="0" minCyclomaticComplexity="0" maxCrapScore="0" minCrapScore="0" visitedClasses="0" numClasses="0" visitedMethods="1" numMethods="1" />
              <MetadataToken>100663300</MetadataToken>
              <Name>System.Void Editor.CellTests::Cell_SetValue_UpdatesValueAndTriggersEvent()</Name>
              <FileRef uid="1" />
              <SequencePoints>
                <SequencePoint vc="1" uspid="1234" ordinal="0" offset="6" sl="25" sc="9" el="25" ec="9" bec="0" bev="0" fileid="1" />
                <SequencePoint vc="1" uspid="1235" ordinal="0" offset="7" sl="26" sc="13" el="26" ec="13" bec="0" bev="0" fileid="1" />
                <SequencePoint vc="1" uspid="1236" ordinal="0" offset="19" sl="27" sc="13" el="27" ec="13" bec="0" bev="0" fileid="1" />
                <SequencePoint vc="1" uspid="1237" ordinal="0" offset="21" sl="28" sc="13" el="28" ec="13" bec="0" bev="0" fileid="1" />
                <SequencePoint vc="1" uspid="1238" ordinal="0" offset="33" sl="29" sc="13" el="29" ec="13" bec="0" bev="0" fileid="1" />
                <SequencePoint vc="1" uspid="1239" ordinal="0" offset="52" sl="31" sc="13" el="31" ec="13" bec="0" bev="0" fileid="1" />
                <SequencePoint vc="1" uspid="1240" ordinal="0" offset="60" sl="33" sc="13" el="33" ec="13" bec="0" bev="0" fileid="1" />
                <SequencePoint vc="1" uspid="1241" ordinal="0" offset="88" sl="34" sc="13" el="34" ec="13" bec="0" bev="0" fileid="1" />
                <SequencePoint vc="1" uspid="1242" ordinal="0" offset="116" sl="35" sc="9" el="35" ec="9" bec="0" bev="0" fileid="1" />
              </SequencePoints>
              <BranchPoints />
            </Method>
            <Method visited="true" cyclomaticComplexity="0" nPathComplexity="0" sequenceCoverage="100.0" branchCoverage="0" crapScore="0" isConstructor="false" isStatic="false" isGetter="false" isSetter="false">
              <Summary numSequencePoints="9" visitedSequencePoints="9" numBranchPoints="0" visitedBranchPoints="0" sequenceCoverage="100.0" branchCoverage="0" maxCyclomaticComplexity="0" minCyclomaticComplexity="0" maxCrapScore="0" minCrapScore="0" visitedClasses="0" numClasses="0" visitedMethods="1" numMethods="1" />
              <MetadataToken>100663301</MetadataToken>
              <Name>System.Void Editor.CellTests::Cell_SetValue_SameValue_DoesNotTriggerEvent()</Name>
              <FileRef uid="1" />
              <SequencePoints>
                <SequencePoint vc="1" uspid="1243" ordinal="0" offset="6" sl="39" sc="9" el="39" ec="9" bec="0" bev="0" fileid="1" />
                <SequencePoint vc="1" uspid="1244" ordinal="0" offset="7" sl="41" sc="13" el="41" ec="13" bec="0" bev="0" fileid="1" />
                <SequencePoint vc="1" uspid="1245" ordinal="0" offset="19" sl="42" sc="13" el="42" ec="13" bec="0" bev="0" fileid="1" />
                <SequencePoint vc="1" uspid="1246" ordinal="0" offset="21" sl="43" sc="13" el="43" ec="13" bec="0" bev="0" fileid="1" />
                <SequencePoint vc="1" uspid="1247" ordinal="0" offset="28" sl="44" sc="13" el="44" ec="13" bec="0" bev="0" fileid="1" />
                <SequencePoint vc="1" uspid="1248" ordinal="0" offset="47" sl="46" sc="13" el="46" ec="13" bec="0" bev="0" fileid="1" />
                <SequencePoint vc="1" uspid="1249" ordinal="0" offset="55" sl="48" sc="13" el="48" ec="13" bec="0" bev="0" fileid="1" />
                <SequencePoint vc="1" uspid="1250" ordinal="0" offset="83" sl="49" sc="13" el="49" ec="13" bec="0" bev="0" fileid="1" />
                <SequencePoint vc="1" uspid="1251" ordinal="0" offset="111" sl="50" sc="9" el="50" ec="9" bec="0" bev="0" fileid="1" />
              </SequencePoints>
              <BranchPoints />
            </Method>
            <Method visited="true" cyclomaticComplexity="0" nPathComplexity="0" sequenceCoverage="100.0" branchCoverage="0" crapScore="0" isConstructor="false" isStatic="false" isGetter="false" isSetter="false">
              <Summary numSequencePoints="9" visitedSequencePoints="9" numBranchPoints="0" visitedBranchPoints="0" sequenceCoverage="100.0" branchCoverage="0" maxCyclomaticComplexity="0" minCyclomaticComplexity="0" maxCrapScore="0" minCrapScore="0" visitedClasses="0" numClasses="0" visitedMethods="1" numMethods="1" />
              <MetadataToken>100663302</MetadataToken>
              <Name>System.Void Editor.CellTests::Cell_SetPosition_UpdatesPositionAndTriggersEvent()</Name>
              <FileRef uid="1" />
              <SequencePoints>
                <SequencePoint vc="1" uspid="1252" ordinal="0" offset="6" sl="54" sc="9" el="54" ec="9" bec="0" bev="0" fileid="1" />
                <SequencePoint vc="1" uspid="1253" ordinal="0" offset="7" sl="55" sc="13" el="55" ec="13" bec="0" bev="0" fileid="1" />
                <SequencePoint vc="1" uspid="1254" ordinal="0" offset="19" sl="56" sc="13" el="56" ec="13" bec="0" bev="0" fileid="1" />
                <SequencePoint vc="1" uspid="1255" ordinal="0" offset="28" sl="57" sc="13" el="57" ec="13" bec="0" bev="0" fileid="1" />
                <SequencePoint vc="1" uspid="1256" ordinal="0" offset="40" sl="58" sc="13" el="58" ec="13" bec="0" bev="0" fileid="1" />
                <SequencePoint vc="1" uspid="1257" ordinal="0" offset="59" sl="60" sc="13" el="60" ec="13" bec="0" bev="0" fileid="1" />
                <SequencePoint vc="1" uspid="1258" ordinal="0" offset="67" sl="62" sc="13" el="62" ec="13" bec="0" bev="0" fileid="1" />
                <SequencePoint vc="1" uspid="1259" ordinal="0" offset="105" sl="63" sc="13" el="63" ec="13" bec="0" bev="0" fileid="1" />
                <SequencePoint vc="1" uspid="1260" ordinal="0" offset="143" sl="64" sc="9" el="64" ec="9" bec="0" bev="0" fileid="1" />
              </SequencePoints>
              <BranchPoints />
            </Method>
          </Methods>
        </Class>
        <Class>
          <Summary numSequencePoints="65" visitedSequencePoints="65" numBranchPoints="0" visitedBranchPoints="0" sequenceCoverage="100.0" branchCoverage="0.0" maxCyclomaticComplexity="0" minCyclomaticComplexity="0" maxCrapScore="0" minCrapScore="0" visitedClasses="1" numClasses="1" visitedMethods="7" numMethods="7" />
          <FullName>Editor.CellViewTests</FullName>
          <Methods>
            <Method visited="true" cyclomaticComplexity="0" nPathComplexity="0" sequenceCoverage="100.0" branchCoverage="0" crapScore="0" isConstructor="false" isStatic="false" isGetter="false" isSetter="false">
              <Summary numSequencePoints="10" visitedSequencePoints="10" numBranchPoints="0" visitedBranchPoints="0" sequenceCoverage="100.0" branchCoverage="0" maxCyclomaticComplexity="0" minCyclomaticComplexity="0" maxCrapScore="0" minCrapScore="0" visitedClasses="0" numClasses="0" visitedMethods="1" numMethods="1" />
              <MetadataToken>100663304</MetadataToken>
              <Name>System.Void Editor.CellViewTests::Setup()</Name>
              <FileRef uid="2" />
              <SequencePoints>
                <SequencePoint vc="5" uspid="1261" ordinal="0" offset="0" sl="19" sc="5" el="19" ec="5" bec="0" bev="0" fileid="2" />
                <SequencePoint vc="5" uspid="1262" ordinal="0" offset="1" sl="20" sc="9" el="20" ec="9" bec="0" bev="0" fileid="2" />
                <SequencePoint vc="5" uspid="1263" ordinal="0" offset="12" sl="21" sc="9" el="21" ec="9" bec="0" bev="0" fileid="2" />
                <SequencePoint vc="5" uspid="1264" ordinal="0" offset="29" sl="22" sc="9" el="22" ec="9" bec="0" bev="0" fileid="2" />
                <SequencePoint vc="5" uspid="1265" ordinal="0" offset="46" sl="23" sc="9" el="23" ec="9" bec="0" bev="0" fileid="2" />
                <SequencePoint vc="5" uspid="1266" ordinal="0" offset="63" sl="25" sc="9" el="25" ec="9" bec="0" bev="0" fileid="2" />
                <SequencePoint vc="5" uspid="1267" ordinal="0" offset="80" sl="26" sc="9" el="26" ec="9" bec="0" bev="0" fileid="2" />
                <SequencePoint vc="5" uspid="1268" ordinal="0" offset="103" sl="27" sc="9" el="27" ec="9" bec="0" bev="0" fileid="2" />
                <SequencePoint vc="5" uspid="1269" ordinal="0" offset="122" sl="29" sc="9" el="29" ec="9" bec="0" bev="0" fileid="2" />
                <SequencePoint vc="5" uspid="1270" ordinal="0" offset="139" sl="30" sc="5" el="30" ec="5" bec="0" bev="0" fileid="2" />
              </SequencePoints>
              <BranchPoints />
            </Method>
            <Method visited="true" cyclomaticComplexity="0" nPathComplexity="0" sequenceCoverage="100.0" branchCoverage="0" crapScore="0" isConstructor="false" isStatic="false" isGetter="false" isSetter="false">
              <Summary numSequencePoints="3" visitedSequencePoints="3" numBranchPoints="0" visitedBranchPoints="0" sequenceCoverage="100.0" branchCoverage="0" maxCyclomaticComplexity="0" minCyclomaticComplexity="0" maxCrapScore="0" minCrapScore="0" visitedClasses="0" numClasses="0" visitedMethods="1" numMethods="1" />
              <MetadataToken>100663305</MetadataToken>
              <Name>System.Void Editor.CellViewTests::TearDown()</Name>
              <FileRef uid="2" />
              <SequencePoints>
                <SequencePoint vc="5" uspid="1271" ordinal="0" offset="0" sl="34" sc="5" el="34" ec="5" bec="0" bev="0" fileid="2" />
                <SequencePoint vc="5" uspid="1272" ordinal="0" offset="1" sl="35" sc="9" el="35" ec="9" bec="0" bev="0" fileid="2" />
                <SequencePoint vc="5" uspid="1273" ordinal="0" offset="13" sl="36" sc="5" el="36" ec="5" bec="0" bev="0" fileid="2" />
              </SequencePoints>
              <BranchPoints />
            </Method>
            <Method visited="true" cyclomaticComplexity="0" nPathComplexity="0" sequenceCoverage="100.0" branchCoverage="0" crapScore="0" isConstructor="false" isStatic="false" isGetter="false" isSetter="false">
              <Summary numSequencePoints="22" visitedSequencePoints="22" numBranchPoints="0" visitedBranchPoints="0" sequenceCoverage="100.0" branchCoverage="0" maxCyclomaticComplexity="0" minCyclomaticComplexity="0" maxCrapScore="0" minCrapScore="0" visitedClasses="0" numClasses="0" visitedMethods="1" numMethods="1" />
              <MetadataToken>100663306</MetadataToken>
              <Name>System.Void Editor.CellViewTests::CellView_Init_SubscribesToCellEvents()</Name>
              <FileRef uid="2" />
              <SequencePoints>
                <SequencePoint vc="1" uspid="1274" ordinal="0" offset="0" sl="40" sc="5" el="40" ec="5" bec="0" bev="0" fileid="2" />
                <SequencePoint vc="1" uspid="1275" ordinal="0" offset="1" sl="41" sc="9" el="41" ec="9" bec="0" bev="0" fileid="2" />
                <SequencePoint vc="1" uspid="1276" ordinal="0" offset="19" sl="43" sc="9" el="43" ec="9" bec="0" bev="0" fileid="2" />
                <SequencePoint vc="1" uspid="1277" ordinal="0" offset="21" sl="44" sc="9" el="44" ec="9" bec="0" bev="0" fileid="2" />
                <SequencePoint vc="1" uspid="1278" ordinal="0" offset="23" sl="46" sc="9" el="46" ec="9" bec="0" bev="0" fileid="2" />
                <SequencePoint vc="1" uspid="1279" ordinal="0" offset="40" sl="47" sc="9" el="47" ec="9" bec="0" bev="0" fileid="2" />
                <SequencePoint vc="1" uspid="1280" ordinal="0" offset="57" sl="49" sc="9" el="49" ec="9" bec="0" bev="0" fileid="2" />
                <SequencePoint vc="1" uspid="1281" ordinal="0" offset="80" sl="50" sc="9" el="50" ec="9" bec="0" bev="0" fileid="2" />
                <SequencePoint vc="1" uspid="1282" ordinal="0" offset="99" sl="51" sc="9" el="51" ec="9" bec="0" bev="0" fileid="2" />
                <SequencePoint vc="1" uspid="1283" ordinal="0" offset="116" sl="53" sc="9" el="53" ec="9" bec="0" bev="0" fileid="2" />
                <SequencePoint vc="1" uspid="1284" ordinal="0" offset="129" sl="54" sc="9" el="54" ec="9" bec="0" bev="0" fileid="2" />
                <SequencePoint vc="1" uspid="1285" ordinal="0" offset="159" sl="55" sc="9" el="55" ec="9" bec="0" bev="0" fileid="2" />
                <SequencePoint vc="1" uspid="1286" ordinal="0" offset="160" sl="56" sc="13" el="56" ec="13" bec="0" bev="0" fileid="2" />
                <SequencePoint vc="1" uspid="1287" ordinal="0" offset="162" sl="57" sc="9" el="57" ec="9" bec="0" bev="0" fileid="2" />
                <SequencePoint vc="1" uspid="1288" ordinal="0" offset="163" sl="59" sc="9" el="59" ec="9" bec="0" bev="0" fileid="2" />
                <SequencePoint vc="1" uspid="1289" ordinal="0" offset="182" sl="60" sc="9" el="60" ec="9" bec="0" bev="0" fileid="2" />
                <SequencePoint vc="1" uspid="1290" ordinal="0" offset="229" sl="61" sc="9" el="61" ec="9" bec="0" bev="0" fileid="2" />
                <SequencePoint vc="1" uspid="1291" ordinal="0" offset="230" sl="62" sc="12" el="62" ec="12" bec="0" bev="0" fileid="2" />
                <SequencePoint vc="1" uspid="1292" ordinal="0" offset="232" sl="63" sc="9" el="63" ec="9" bec="0" bev="0" fileid="2" />
                <SequencePoint vc="1" uspid="1293" ordinal="0" offset="233" sl="65" sc="9" el="65" ec="9" bec="0" bev="0" fileid="2" />
                <SequencePoint vc="1" uspid="1294" ordinal="0" offset="255" sl="66" sc="9" el="66" ec="9" bec="0" bev="0" fileid="2" />
                <SequencePoint vc="1" uspid="1295" ordinal="0" offset="277" sl="67" sc="5" el="67" ec="5" bec="0" bev="0" fileid="2" />
              </SequencePoints>
              <BranchPoints />
            </Method>
            <Method visited="true" cyclomaticComplexity="0" nPathComplexity="0" sequenceCoverage="100.0" branchCoverage="0" crapScore="0" isConstructor="false" isStatic="false" isGetter="false" isSetter="false">
              <Summary numSequencePoints="5" visitedSequencePoints="5" numBranchPoints="0" visitedBranchPoints="0" sequenceCoverage="100.0" branchCoverage="0" maxCyclomaticComplexity="0" minCyclomaticComplexity="0" maxCrapScore="0" minCrapScore="0" visitedClasses="0" numClasses="0" visitedMethods="1" numMethods="1" />
              <MetadataToken>100663307</MetadataToken>
              <Name>System.Void Editor.CellViewTests::CellView_UpdateValue_UpdatesTextAndColor()</Name>
              <FileRef uid="2" />
              <SequencePoints>
                <SequencePoint vc="1" uspid="1296" ordinal="0" offset="0" sl="71" sc="5" el="71" ec="5" bec="0" bev="0" fileid="2" />
                <SequencePoint vc="1" uspid="1297" ordinal="0" offset="1" sl="72" sc="9" el="72" ec="9" bec="0" bev="0" fileid="2" />
                <SequencePoint vc="1" uspid="1298" ordinal="0" offset="19" sl="74" sc="9" el="74" ec="9" bec="0" bev="0" fileid="2" />
                <SequencePoint vc="1" uspid="1299" ordinal="0" offset="32" sl="76" sc="9" el="76" ec="9" bec="0" bev="0" fileid="2" />
                <SequencePoint vc="1" uspid="1300" ordinal="0" offset="74" sl="77" sc="5" el="77" ec="5" bec="0" bev="0" fileid="2" />
              </SequencePoints>
              <BranchPoints />
            </Method>
            <Method visited="true" cyclomaticComplexity="0" nPathComplexity="0" sequenceCoverage="100.0" branchCoverage="0" crapScore="0" isConstructor="false" isStatic="false" isGetter="false" isSetter="false">
              <Summary numSequencePoints="6" visitedSequencePoints="6" numBranchPoints="0" visitedBranchPoints="0" sequenceCoverage="100.0" branchCoverage="0" maxCyclomaticComplexity="0" minCyclomaticComplexity="0" maxCrapScore="0" minCrapScore="0" visitedClasses="0" numClasses="0" visitedMethods="1" numMethods="1" />
              <MetadataToken>100663308</MetadataToken>
              <Name>System.Void Editor.CellViewTests::CellView_UpdatePosition_UpdatesTransformPosition()</Name>
              <FileRef uid="2" />
              <SequencePoints>
                <SequencePoint vc="1" uspid="1301" ordinal="0" offset="0" sl="81" sc="5" el="81" ec="5" bec="0" bev="0" fileid="2" />
                <SequencePoint vc="1" uspid="1302" ordinal="0" offset="1" sl="82" sc="9" el="82" ec="9" bec="0" bev="0" fileid="2" />
                <SequencePoint vc="1" uspid="1303" ordinal="0" offset="19" sl="83" sc="9" el="83" ec="9" bec="0" bev="0" fileid="2" />
                <SequencePoint vc="1" uspid="1304" ordinal="0" offset="28" sl="85" sc="9" el="85" ec="9" bec="0" bev="0" fileid="2" />
                <SequencePoint vc="1" uspid="1305" ordinal="0" offset="41" sl="87" sc="9" el="87" ec="9" bec="0" bev="0" fileid="2" />
                <SequencePoint vc="1" uspid="1306" ordinal="0" offset="114" sl="88" sc="5" el="88" ec="5" bec="0" bev="0" fileid="2" />
              </SequencePoints>
              <BranchPoints />
            </Method>
            <Method visited="true" cyclomaticComplexity="0" nPathComplexity="0" sequenceCoverage="100.0" branchCoverage="0" crapScore="0" isConstructor="false" isStatic="false" isGetter="false" isSetter="false">
              <Summary numSequencePoints="11" visitedSequencePoints="11" numBranchPoints="0" visitedBranchPoints="0" sequenceCoverage="100.0" branchCoverage="0" maxCyclomaticComplexity="0" minCyclomaticComplexity="0" maxCrapScore="0" minCrapScore="0" visitedClasses="0" numClasses="0" visitedMethods="1" numMethods="1" />
              <MetadataToken>100663309</MetadataToken>
              <Name>System.Void Editor.CellViewTests::CellView_UpdateValue_LerpsColorCorrectly()</Name>
              <FileRef uid="2" />
              <SequencePoints>
                <SequencePoint vc="1" uspid="1307" ordinal="0" offset="0" sl="92" sc="5" el="92" ec="5" bec="0" bev="0" fileid="2" />
                <SequencePoint vc="1" uspid="1308" ordinal="0" offset="1" sl="93" sc="9" el="93" ec="9" bec="0" bev="0" fileid="2" />
                <SequencePoint vc="1" uspid="1309" ordinal="0" offset="19" sl="94" sc="9" el="94" ec="9" bec="0" bev="0" fileid="2" />
                <SequencePoint vc="1" uspid="1310" ordinal="0" offset="42" sl="95" sc="9" el="95" ec="9" bec="0" bev="0" fileid="2" />
                <SequencePoint vc="1" uspid="1311" ordinal="0" offset="65" sl="96" sc="9" el="96" ec="9" bec="0" bev="0" fileid="2" />
                <SequencePoint vc="1" uspid="1312" ordinal="0" offset="83" sl="97" sc="9" el="97" ec="9" bec="0" bev="0" fileid="2" />
                <SequencePoint vc="1" uspid="1313" ordinal="0" offset="101" sl="99" sc="9" el="99" ec="9" bec="0" bev="0" fileid="2" />
                <SequencePoint vc="1" uspid="1314" ordinal="0" offset="114" sl="101" sc="9" el="101" ec="9" bec="0" bev="0" fileid="2" />
                <SequencePoint vc="1" uspid="1315" ordinal="0" offset="126" sl="102" sc="9" el="102" ec="9" bec="0" bev="0" fileid="2" />
                <SequencePoint vc="1" uspid="1316" ordinal="0" offset="137" sl="104" sc="9" el="104" ec="9" bec="0" bev="0" fileid="2" />
                <SequencePoint vc="1" uspid="1317" ordinal="0" offset="181" sl="106" sc="5" el="106" ec="5" bec="0" bev="0" fileid="2" />
              </SequencePoints>
              <BranchPoints />
            </Method>
            <Method visited="true" cyclomaticComplexity="0" nPathComplexity="0" sequenceCoverage="100.0" branchCoverage="0" crapScore="0" isConstructor="false" isStatic="false" isGetter="false" isSetter="false">
              <Summary numSequencePoints="8" visitedSequencePoints="8" numBranchPoints="0" visitedBranchPoints="0" sequenceCoverage="100.0" branchCoverage="0" maxCyclomaticComplexity="0" minCyclomaticComplexity="0" maxCrapScore="0" minCrapScore="0" visitedClasses="0" numClasses="0" visitedMethods="1" numMethods="1" />
              <MetadataToken>100663310</MetadataToken>
              <Name>System.Void Editor.CellViewTests::CellView_Awake_InitializesSpriteRenderer()</Name>
              <FileRef uid="2" />
              <SequencePoints>
                <SequencePoint vc="1" uspid="1318" ordinal="0" offset="0" sl="109" sc="5" el="109" ec="5" bec="0" bev="0" fileid="2" />
                <SequencePoint vc="1" uspid="1319" ordinal="0" offset="1" sl="111" sc="9" el="111" ec="9" bec="0" bev="0" fileid="2" />
                <SequencePoint vc="1" uspid="1320" ordinal="0" offset="24" sl="112" sc="9" el="112" ec="9" bec="0" bev="0" fileid="2" />
                <SequencePoint vc="1" uspid="1321" ordinal="0" offset="38" sl="114" sc="9" el="114" ec="9" bec="0" bev="0" fileid="2" />
                <SequencePoint vc="1" uspid="1322" ordinal="0" offset="61" sl="115" sc="9" el="115" ec="9" bec="0" bev="0" fileid="2" />
                <SequencePoint vc="1" uspid="1323" ordinal="0" offset="74" sl="116" sc="9" el="116" ec="9" bec="0" bev="0" fileid="2" />
                <SequencePoint vc="1" uspid="1324" ordinal="0" offset="96" sl="117" sc="9" el="117" ec="9" bec="0" bev="0" fileid="2" />
                <SequencePoint vc="1" uspid="1325" ordinal="0" offset="124" sl="118" sc="5" el="118" ec="5" bec="0" bev="0" fileid="2" />
              </SequencePoints>
              <BranchPoints />
            </Method>
          </Methods>
        </Class>
        <Class>
          <Summary numSequencePoints="68" visitedSequencePoints="68" numBranchPoints="0" visitedBranchPoints="0" sequenceCoverage="100.0" branchCoverage="0.0" maxCyclomaticComplexity="0" minCyclomaticComplexity="0" maxCrapScore="0" minCrapScore="0" visitedClasses="1" numClasses="1" visitedMethods="7" numMethods="7" />
          <FullName>Editor.GameFieldTests</FullName>
          <Methods>
            <Method visited="true" cyclomaticComplexity="0" nPathComplexity="0" sequenceCoverage="100.0" branchCoverage="0" crapScore="0" isConstructor="false" isStatic="false" isGetter="false" isSetter="false">
              <Summary numSequencePoints="6" visitedSequencePoints="6" numBranchPoints="0" visitedBranchPoints="0" sequenceCoverage="100.0" branchCoverage="0" maxCyclomaticComplexity="0" minCyclomaticComplexity="0" maxCrapScore="0" minCrapScore="0" visitedClasses="0" numClasses="0" visitedMethods="1" numMethods="1" />
              <MetadataToken>100663312</MetadataToken>
              <Name>System.Void Editor.GameFieldTests::Setup()</Name>
              <FileRef uid="3" />
              <SequencePoints>
                <SequencePoint vc="5" uspid="1326" ordinal="0" offset="0" sl="15" sc="5" el="15" ec="5" bec="0" bev="0" fileid="3" />
                <SequencePoint vc="5" uspid="1327" ordinal="0" offset="1" sl="16" sc="9" el="16" ec="9" bec="0" bev="0" fileid="3" />
                <SequencePoint vc="5" uspid="1328" ordinal="0" offset="7" sl="17" sc="9" el="17" ec="9" bec="0" bev="0" fileid="3" />
                <SequencePoint vc="5" uspid="1329" ordinal="0" offset="19" sl="18" sc="9" el="18" ec="9" bec="0" bev="0" fileid="3" />
                <SequencePoint vc="5" uspid="1330" ordinal="0" offset="31" sl="19" sc="9" el="19" ec="9" bec="0" bev="0" fileid="3" />
                <SequencePoint vc="5" uspid="1331" ordinal="0" offset="43" sl="20" sc="5" el="20" ec="5" bec="0" bev="0" fileid="3" />
              </SequencePoints>
              <BranchPoints />
            </Method>
            <Method visited="true" cyclomaticComplexity="0" nPathComplexity="0" sequenceCoverage="100.0" branchCoverage="0" crapScore="0" isConstructor="false" isStatic="false" isGetter="false" isSetter="false">
              <Summary numSequencePoints="3" visitedSequencePoints="3" numBranchPoints="0" visitedBranchPoints="0" sequenceCoverage="100.0" branchCoverage="0" maxCyclomaticComplexity="0" minCyclomaticComplexity="0" maxCrapScore="0" minCrapScore="0" visitedClasses="0" numClasses="0" visitedMethods="1" numMethods="1" />
              <MetadataToken>100663313</MetadataToken>
              <Name>System.Void Editor.GameFieldTests::TearDown()</Name>
              <FileRef uid="3" />
              <SequencePoints>
                <SequencePoint vc="5" uspid="1332" ordinal="0" offset="0" sl="23" sc="5" el="23" ec="5" bec="0" bev="0" fileid="3" />
                <SequencePoint vc="5" uspid="1333" ordinal="0" offset="1" sl="24" sc="9" el="24" ec="9" bec="0" bev="0" fileid="3" />
                <SequencePoint vc="5" uspid="1334" ordinal="0" offset="18" sl="25" sc="5" el="25" ec="5" bec="0" bev="0" fileid="3" />
              </SequencePoints>
              <BranchPoints />
            </Method>
            <Method visited="true" cyclomaticComplexity="0" nPathComplexity="0" sequenceCoverage="100.0" branchCoverage="0" crapScore="0" isConstructor="false" isStatic="false" isGetter="false" isSetter="false">
              <Summary numSequencePoints="9" visitedSequencePoints="9" numBranchPoints="0" visitedBranchPoints="0" sequenceCoverage="100.0" branchCoverage="0" maxCyclomaticComplexity="0" minCyclomaticComplexity="0" maxCrapScore="0" minCrapScore="0" visitedClasses="0" numClasses="0" visitedMethods="1" numMethods="1" />
              <MetadataToken>100663314</MetadataToken>
              <Name>System.Void Editor.GameFieldTests::GameField_GetEmptyPosition_ReturnsValidPosition()</Name>
              <FileRef uid="3" />
              <SequencePoints>
                <SequencePoint vc="1" uspid="1335" ordinal="0" offset="0" sl="29" sc="5" el="29" ec="5" bec="0" bev="0" fileid="3" />
                <SequencePoint vc="1" uspid="1336" ordinal="0" offset="1" sl="30" sc="9" el="30" ec="9" bec="0" bev="0" fileid="3" />
                <SequencePoint vc="1" uspid="1337" ordinal="0" offset="24" sl="31" sc="9" el="31" ec="9" bec="0" bev="0" fileid="3" />
                <SequencePoint vc="1" uspid="1338" ordinal="0" offset="42" sl="33" sc="9" el="33" ec="9" bec="0" bev="0" fileid="3" />
                <SequencePoint vc="1" uspid="1339" ordinal="0" offset="54" sl="35" sc="9" el="35" ec="9" bec="0" bev="0" fileid="3" />
                <SequencePoint vc="1" uspid="1340" ordinal="0" offset="83" sl="36" sc="9" el="36" ec="9" bec="0" bev="0" fileid="3" />
                <SequencePoint vc="1" uspid="1341" ordinal="0" offset="122" sl="37" sc="9" el="37" ec="9" bec="0" bev="0" fileid="3" />
                <SequencePoint vc="1" uspid="1342" ordinal="0" offset="151" sl="38" sc="9" el="38" ec="9" bec="0" bev="0" fileid="3" />
                <SequencePoint vc="1" uspid="1343" ordinal="0" offset="190" sl="39" sc="5" el="39" ec="5" bec="0" bev="0" fileid="3" />
              </SequencePoints>
              <BranchPoints />
            </Method>
            <Method visited="true" cyclomaticComplexity="0" nPathComplexity="0" sequenceCoverage="100.0" branchCoverage="0" crapScore="0" isConstructor="false" isStatic="false" isGetter="false" isSetter="false">
              <Summary numSequencePoints="18" visitedSequencePoints="18" numBranchPoints="0" visitedBranchPoints="0" sequenceCoverage="100.0" branchCoverage="0" maxCyclomaticComplexity="0" minCyclomaticComplexity="0" maxCrapScore="0" minCrapScore="0" visitedClasses="0" numClasses="0" visitedMethods="1" numMethods="1" />
              <MetadataToken>100663315</MetadataToken>
              <Name>System.Void Editor.GameFieldTests::GameField_GetEmptyPosition_ReturnsMinusOneWhenFull()</Name>
              <FileRef uid="3" />
              <SequencePoints>
                <SequencePoint vc="1" uspid="1344" ordinal="0" offset="0" sl="43" sc="5" el="43" ec="5" bec="0" bev="0" fileid="3" />
                <SequencePoint vc="1" uspid="1345" ordinal="0" offset="1" sl="44" sc="9" el="44" ec="9" bec="0" bev="0" fileid="3" />
                <SequencePoint vc="1" uspid="1346" ordinal="0" offset="24" sl="45" sc="9" el="45" ec="9" bec="0" bev="0" fileid="3" />
                <SequencePoint vc="1" uspid="1347" ordinal="0" offset="30" sl="46" sc="14" el="46" ec="14" bec="0" bev="0" fileid="3" />
                <SequencePoint vc="4" uspid="1348" ordinal="0" offset="34" sl="47" sc="9" el="47" ec="9" bec="0" bev="0" fileid="3" />
                <SequencePoint vc="4" uspid="1349" ordinal="0" offset="35" sl="48" sc="18" el="48" ec="18" bec="0" bev="0" fileid="3" />
                <SequencePoint vc="16" uspid="1350" ordinal="0" offset="40" sl="49" sc="13" el="49" ec="13" bec="0" bev="0" fileid="3" />
                <SequencePoint vc="16" uspid="1351" ordinal="0" offset="41" sl="50" sc="17" el="50" ec="17" bec="0" bev="0" fileid="3" />
                <SequencePoint vc="16" uspid="1352" ordinal="0" offset="62" sl="51" sc="13" el="51" ec="13" bec="0" bev="0" fileid="3" />
                <SequencePoint vc="16" uspid="1353" ordinal="0" offset="63" sl="48" sc="51" el="48" ec="51" bec="0" bev="0" fileid="3" />
                <SequencePoint vc="20" uspid="1354" ordinal="0" offset="69" sl="48" sc="29" el="48" ec="29" bec="0" bev="0" fileid="3" />
                <SequencePoint vc="4" uspid="1355" ordinal="0" offset="90" sl="52" sc="9" el="52" ec="9" bec="0" bev="0" fileid="3" />
                <SequencePoint vc="4" uspid="1356" ordinal="0" offset="91" sl="46" sc="46" el="46" ec="46" bec="0" bev="0" fileid="3" />
                <SequencePoint vc="5" uspid="1357" ordinal="0" offset="95" sl="46" sc="25" el="46" ec="25" bec="0" bev="0" fileid="3" />
                <SequencePoint vc="1" uspid="1358" ordinal="0" offset="115" sl="53" sc="9" el="53" ec="9" bec="0" bev="0" fileid="3" />
                <SequencePoint vc="1" uspid="1359" ordinal="0" offset="129" sl="55" sc="9" el="55" ec="9" bec="0" bev="0" fileid="3" />
                <SequencePoint vc="1" uspid="1360" ordinal="0" offset="141" sl="57" sc="9" el="57" ec="9" bec="0" bev="0" fileid="3" />
                <SequencePoint vc="1" uspid="1361" ordinal="0" offset="180" sl="58" sc="5" el="58" ec="5" bec="0" bev="0" fileid="3" />
              </SequencePoints>
              <BranchPoints />
            </Method>
            <Method visited="true" cyclomaticComplexity="0" nPathComplexity="0" sequenceCoverage="100.0" branchCoverage="0" crapScore="0" isConstructor="false" isStatic="false" isGetter="false" isSetter="false">
              <Summary numSequencePoints="7" visitedSequencePoints="7" numBranchPoints="0" visitedBranchPoints="0" sequenceCoverage="100.0" branchCoverage="0" maxCyclomaticComplexity="0" minCyclomaticComplexity="0" maxCrapScore="0" minCrapScore="0" visitedClasses="0" numClasses="0" visitedMethods="1" numMethods="1" />
              <MetadataToken>100663316</MetadataToken>
              <Name>System.Void Editor.GameFieldTests::GameField_CreateCell_AddsCellToCellsList()</Name>
              <FileRef uid="3" />
              <SequencePoints>
                <SequencePoint vc="1" uspid="1362" ordinal="0" offset="0" sl="62" sc="5" el="62" ec="5" bec="0" bev="0" fileid="3" />
                <SequencePoint vc="1" uspid="1363" ordinal="0" offset="1" sl="63" sc="9" el="63" ec="9" bec="0" bev="0" fileid="3" />
                <SequencePoint vc="1" uspid="1364" ordinal="0" offset="24" sl="64" sc="9" el="64" ec="9" bec="0" bev="0" fileid="3" />
                <SequencePoint vc="1" uspid="1365" ordinal="0" offset="42" sl="66" sc="9" el="66" ec="9" bec="0" bev="0" fileid="3" />
                <SequencePoint vc="1" uspid="1366" ordinal="0" offset="54" sl="68" sc="9" el="68" ec="9" bec="0" bev="0" fileid="3" />
                <SequencePoint vc="1" uspid="1367" ordinal="0" offset="72" sl="69" sc="9" el="69" ec="9" bec="0" bev="0" fileid="3" />
                <SequencePoint vc="1" uspid="1368" ordinal="0" offset="100" sl="70" sc="5" el="70" ec="5" bec="0" bev="0" fileid="3" />
              </SequencePoints>
              <BranchPoints />
            </Method>
            <Method visited="true" cyclomaticComplexity="0" nPathComplexity="0" sequenceCoverage="100.0" branchCoverage="0" crapScore="0" isConstructor="false" isStatic="false" isGetter="false" isSetter="false">
              <Summary numSequencePoints="18" visitedSequencePoints="18" numBranchPoints="0" visitedBranchPoints="0" sequenceCoverage="100.0" branchCoverage="0" maxCyclomaticComplexity="0" minCyclomaticComplexity="0" maxCrapScore="0" minCrapScore="0" visitedClasses="0" numClasses="0" visitedMethods="1" numMethods="1" />
              <MetadataToken>100663317</MetadataToken>
              <Name>System.Void Editor.GameFieldTests::GameField_CreateCell_DoesNotAddCellWhenFull()</Name>
              <FileRef uid="3" />
              <SequencePoints>
                <SequencePoint vc="1" uspid="1369" ordinal="0" offset="0" sl="74" sc="5" el="74" ec="5" bec="0" bev="0" fileid="3" />
                <SequencePoint vc="1" uspid="1370" ordinal="0" offset="1" sl="75" sc="9" el="75" ec="9" bec="0" bev="0" fileid="3" />
                <SequencePoint vc="1" uspid="1371" ordinal="0" offset="24" sl="76" sc="9" el="76" ec="9" bec="0" bev="0" fileid="3" />
                <SequencePoint vc="1" uspid="1372" ordinal="0" offset="30" sl="77" sc="14" el="77" ec="14" bec="0" bev="0" fileid="3" />
                <SequencePoint vc="4" uspid="1373" ordinal="0" offset="34" sl="78" sc="9" el="78" ec="9" bec="0" bev="0" fileid="3" />
                <SequencePoint vc="4" uspid="1374" ordinal="0" offset="35" sl="79" sc="18" el="79" ec="18" bec="0" bev="0" fileid="3" />
                <SequencePoint vc="16" uspid="1375" ordinal="0" offset="39" sl="80" sc="13" el="80" ec="13" bec="0" bev="0" fileid="3" />
                <SequencePoint vc="16" uspid="1376" ordinal="0" offset="40" sl="81" sc="17" el="81" ec="17" bec="0" bev="0" fileid="3" />
                <SequencePoint vc="16" uspid="1377" ordinal="0" offset="60" sl="82" sc="13" el="82" ec="13" bec="0" bev="0" fileid="3" />
                <SequencePoint vc="16" uspid="1378" ordinal="0" offset="61" sl="79" sc="51" el="79" ec="51" bec="0" bev="0" fileid="3" />
                <SequencePoint vc="20" uspid="1379" ordinal="0" offset="65" sl="79" sc="29" el="79" ec="29" bec="0" bev="0" fileid="3" />
                <SequencePoint vc="4" uspid="1380" ordinal="0" offset="85" sl="83" sc="9" el="83" ec="9" bec="0" bev="0" fileid="3" />
                <SequencePoint vc="4" uspid="1381" ordinal="0" offset="86" sl="77" sc="46" el="77" ec="46" bec="0" bev="0" fileid="3" />
                <SequencePoint vc="5" uspid="1382" ordinal="0" offset="90" sl="77" sc="25" el="77" ec="25" bec="0" bev="0" fileid="3" />
                <SequencePoint vc="1" uspid="1383" ordinal="0" offset="110" sl="84" sc="9" el="84" ec="9" bec="0" bev="0" fileid="3" />
                <SequencePoint vc="1" uspid="1384" ordinal="0" offset="124" sl="86" sc="9" el="86" ec="9" bec="0" bev="0" fileid="3" />
                <SequencePoint vc="1" uspid="1385" ordinal="0" offset="136" sl="88" sc="9" el="88" ec="9" bec="0" bev="0" fileid="3" />
                <SequencePoint vc="1" uspid="1386" ordinal="0" offset="186" sl="89" sc="5" el="89" ec="5" bec="0" bev="0" fileid="3" />
              </SequencePoints>
              <BranchPoints />
            </Method>
            <Method visited="true" cyclomaticComplexity="0" nPathComplexity="0" sequenceCoverage="100.0" branchCoverage="0" crapScore="0" isConstructor="false" isStatic="false" isGetter="false" isSetter="false">
              <Summary numSequencePoints="7" visitedSequencePoints="7" numBranchPoints="0" visitedBranchPoints="0" sequenceCoverage="100.0" branchCoverage="0" maxCyclomaticComplexity="0" minCyclomaticComplexity="0" maxCrapScore="0" minCrapScore="0" visitedClasses="0" numClasses="0" visitedMethods="1" numMethods="1" />
              <MetadataToken>100663318</MetadataToken>
              <Name>System.Void Editor.GameFieldTests::GameField_CreateCell_CreatesCellWithValidValue()</Name>
              <FileRef uid="3" />
              <SequencePoints>
                <SequencePoint vc="1" uspid="1387" ordinal="0" offset="0" sl="93" sc="5" el="93" ec="5" bec="0" bev="0" fileid="3" />
                <SequencePoint vc="1" uspid="1388" ordinal="0" offset="1" sl="94" sc="9" el="94" ec="9" bec="0" bev="0" fileid="3" />
                <SequencePoint vc="1" uspid="1389" ordinal="0" offset="24" sl="95" sc="9" el="95" ec="9" bec="0" bev="0" fileid="3" />
                <SequencePoint vc="1" uspid="1390" ordinal="0" offset="42" sl="97" sc="9" el="97" ec="9" bec="0" bev="0" fileid="3" />
                <SequencePoint vc="1" uspid="1391" ordinal="0" offset="54" sl="99" sc="9" el="99" ec="9" bec="0" bev="0" fileid="3" />
                <SequencePoint vc="1" uspid="1392" ordinal="0" offset="72" sl="101" sc="9" el="101" ec="9" bec="0" bev="0" fileid="3" />
                <SequencePoint vc="1" uspid="1393" ordinal="0" offset="126" sl="102" sc="5" el="102" ec="5" bec="0" bev="0" fileid="3" />
              </SequencePoints>
              <BranchPoints />
            </Method>
          </Methods>
        </Class>
        <Class>
          <Summary numSequencePoints="116" visitedSequencePoints="50" numBranchPoints="0" visitedBranchPoints="0" sequenceCoverage="43.10" branchCoverage="0.0" maxCyclomaticComplexity="0" minCyclomaticComplexity="0" maxCrapScore="0" minCrapScore="0" visitedClasses="1" numClasses="1" visitedMethods="12" numMethods="12" />
          <FullName>Editor.GameManagerTests</FullName>
          <Methods>
            <Method visited="true" cyclomaticComplexity="0" nPathComplexity="0" sequenceCoverage="100.0" branchCoverage="0" crapScore="0" isConstructor="false" isStatic="false" isGetter="false" isSetter="false">
              <Summary numSequencePoints="19" visitedSequencePoints="19" numBranchPoints="0" visitedBranchPoints="0" sequenceCoverage="100.0" branchCoverage="0" maxCyclomaticComplexity="0" minCyclomaticComplexity="0" maxCrapScore="0" minCrapScore="0" visitedClasses="0" numClasses="0" visitedMethods="1" numMethods="1" />
              <MetadataToken>100663320</MetadataToken>
              <Name>System.Void Editor.GameManagerTests::Setup()</Name>
              <FileRef uid="4" />
              <SequencePoints>
                <SequencePoint vc="11" uspid="1394" ordinal="0" offset="0" sl="23" sc="9" el="23" ec="9" bec="0" bev="0" fileid="4" />
                <SequencePoint vc="11" uspid="1395" ordinal="0" offset="1" sl="24" sc="13" el="24" ec="13" bec="0" bev="0" fileid="4" />
                <SequencePoint vc="11" uspid="1396" ordinal="0" offset="12" sl="25" sc="13" el="25" ec="13" bec="0" bev="0" fileid="4" />
                <SequencePoint vc="11" uspid="1397" ordinal="0" offset="29" sl="27" sc="13" el="27" ec="13" bec="0" bev="0" fileid="4" />
                <SequencePoint vc="11" uspid="1398" ordinal="0" offset="46" sl="28" sc="13" el="28" ec="13" bec="0" bev="0" fileid="4" />
                <SequencePoint vc="11" uspid="1399" ordinal="0" offset="63" sl="29" sc="13" el="29" ec="13" bec="0" bev="0" fileid="4" />
                <SequencePoint vc="11" uspid="1400" ordinal="0" offset="80" sl="30" sc="13" el="30" ec="13" bec="0" bev="0" fileid="4" />
                <SequencePoint vc="11" uspid="1401" ordinal="0" offset="97" sl="32" sc="13" el="32" ec="13" bec="0" bev="0" fileid="4" />
                <SequencePoint vc="11" uspid="1402" ordinal="0" offset="114" sl="33" sc="13" el="33" ec="13" bec="0" bev="0" fileid="4" />
                <SequencePoint vc="11" uspid="1403" ordinal="0" offset="131" sl="34" sc="13" el="34" ec="13" bec="0" bev="0" fileid="4" />
                <SequencePoint vc="11" uspid="1404" ordinal="0" offset="148" sl="35" sc="13" el="35" ec="13" bec="0" bev="0" fileid="4" />
                <SequencePoint vc="11" uspid="1405" ordinal="0" offset="165" sl="37" sc="13" el="37" ec="13" bec="0" bev="0" fileid="4" />
                <SequencePoint vc="11" uspid="1406" ordinal="0" offset="186" sl="38" sc="13" el="38" ec="13" bec="0" bev="0" fileid="4" />
                <SequencePoint vc="11" uspid="1407" ordinal="0" offset="202" sl="39" sc="13" el="39" ec="13" bec="0" bev="0" fileid="4" />
                <SequencePoint vc="11" uspid="1408" ordinal="0" offset="223" sl="40" sc="13" el="40" ec="13" bec="0" bev="0" fileid="4" />
                <SequencePoint vc="11" uspid="1409" ordinal="0" offset="245" sl="41" sc="13" el="41" ec="13" bec="0" bev="0" fileid="4" />
                <SequencePoint vc="11" uspid="1410" ordinal="0" offset="267" sl="42" sc="13" el="42" ec="13" bec="0" bev="0" fileid="4" />
                <SequencePoint vc="11" uspid="1411" ordinal="0" offset="290" sl="43" sc="13" el="43" ec="13" bec="0" bev="0" fileid="4" />
                <SequencePoint vc="11" uspid="1412" ordinal="0" offset="309" sl="44" sc="9" el="44" ec="9" bec="0" bev="0" fileid="4" />
              </SequencePoints>
              <BranchPoints />
            </Method>
            <Method visited="true" cyclomaticComplexity="0" nPathComplexity="0" sequenceCoverage="100.0" branchCoverage="0" crapScore="0" isConstructor="false" isStatic="false" isGetter="false" isSetter="false">
              <Summary numSequencePoints="8" visitedSequencePoints="8" numBranchPoints="0" visitedBranchPoints="0" sequenceCoverage="100.0" branchCoverage="0" maxCyclomaticComplexity="0" minCyclomaticComplexity="0" maxCrapScore="0" minCrapScore="0" visitedClasses="0" numClasses="0" visitedMethods="1" numMethods="1" />
              <MetadataToken>100663321</MetadataToken>
              <Name>System.Void Editor.GameManagerTests::TearDown()</Name>
              <FileRef uid="4" />
              <SequencePoints>
                <SequencePoint vc="11" uspid="1413" ordinal="0" offset="0" sl="48" sc="9" el="48" ec="9" bec="0" bev="0" fileid="4" />
                <SequencePoint vc="11" uspid="1414" ordinal="0" offset="1" sl="49" sc="13" el="49" ec="13" bec="0" bev="0" fileid="4" />
                <SequencePoint vc="11" uspid="1415" ordinal="0" offset="13" sl="50" sc="13" el="50" ec="13" bec="0" bev="0" fileid="4" />
                <SequencePoint vc="11" uspid="1416" ordinal="0" offset="29" sl="51" sc="13" el="51" ec="13" bec="0" bev="0" fileid="4" />
                <SequencePoint vc="1" uspid="1417" ordinal="0" offset="39" sl="52" sc="13" el="52" ec="13" bec="0" bev="0" fileid="4" />
                <SequencePoint vc="1" uspid="1418" ordinal="0" offset="40" sl="53" sc="17" el="53" ec="17" bec="0" bev="0" fileid="4" />
                <SequencePoint vc="1" uspid="1419" ordinal="0" offset="47" sl="54" sc="13" el="54" ec="13" bec="0" bev="0" fileid="4" />
                <SequencePoint vc="11" uspid="1420" ordinal="0" offset="48" sl="55" sc="9" el="55" ec="9" bec="0" bev="0" fileid="4" />
              </SequencePoints>
              <BranchPoints />
            </Method>
            <Method visited="true" cyclomaticComplexity="0" nPathComplexity="0" sequenceCoverage="25.00" branchCoverage="0" crapScore="0" isConstructor="false" isStatic="false" isGetter="false" isSetter="false">
              <Summary numSequencePoints="8" visitedSequencePoints="2" numBranchPoints="0" visitedBranchPoints="0" sequenceCoverage="25.00" branchCoverage="0" maxCyclomaticComplexity="0" minCyclomaticComplexity="0" maxCrapScore="0" minCrapScore="0" visitedClasses="0" numClasses="0" visitedMethods="1" numMethods="1" />
              <MetadataToken>100663322</MetadataToken>
              <Name>System.Void Editor.GameManagerTests::NewGame_ResetsScoreAndCreatesTiles()</Name>
              <FileRef uid="4" />
              <SequencePoints>
                <SequencePoint vc="1" uspid="1421" ordinal="0" offset="0" sl="58" sc="9" el="58" ec="9" bec="0" bev="0" fileid="4" />
                <SequencePoint vc="1" uspid="1422" ordinal="0" offset="1" sl="59" sc="13" el="59" ec="13" bec="0" bev="0" fileid="4" />
                <SequencePoint vc="0" uspid="1423" ordinal="0" offset="13" sl="61" sc="13" el="61" ec="13" bec="0" bev="0" fileid="4" />
                <SequencePoint vc="0" uspid="1424" ordinal="0" offset="56" sl="62" sc="13" el="62" ec="13" bec="0" bev="0" fileid="4" />
                <SequencePoint vc="0" uspid="1425" ordinal="0" offset="98" sl="63" sc="13" el="63" ec="13" bec="0" bev="0" fileid="4" />
                <SequencePoint vc="0" uspid="1426" ordinal="0" offset="135" sl="64" sc="13" el="64" ec="13" bec="0" bev="0" fileid="4" />
                <SequencePoint vc="0" uspid="1427" ordinal="0" offset="173" sl="65" sc="13" el="65" ec="13" bec="0" bev="0" fileid="4" />
                <SequencePoint vc="0" uspid="1428" ordinal="0" offset="205" sl="66" sc="9" el="66" ec="9" bec="0" bev="0" fileid="4" />
              </SequencePoints>
              <BranchPoints />
            </Method>
            <Method visited="true" cyclomaticComplexity="0" nPathComplexity="0" sequenceCoverage="33.33" branchCoverage="0" crapScore="0" isConstructor="false" isStatic="false" isGetter="false" isSetter="false">
              <Summary numSequencePoints="6" visitedSequencePoints="2" numBranchPoints="0" visitedBranchPoints="0" sequenceCoverage="33.33" branchCoverage="0" maxCyclomaticComplexity="0" minCyclomaticComplexity="0" maxCrapScore="0" minCrapScore="0" visitedClasses="0" numClasses="0" visitedMethods="1" numMethods="1" />
              <MetadataToken>100663324</MetadataToken>
              <Name>System.Void Editor.GameManagerTests::IncreaseScore_UpdatesScoreText()</Name>
              <FileRef uid="4" />
              <SequencePoints>
                <SequencePoint vc="1" uspid="1429" ordinal="0" offset="0" sl="80" sc="9" el="80" ec="9" bec="0" bev="0" fileid="4" />
                <SequencePoint vc="1" uspid="1430" ordinal="0" offset="1" sl="81" sc="13" el="81" ec="13" bec="0" bev="0" fileid="4" />
                <SequencePoint vc="0" uspid="1431" ordinal="0" offset="23" sl="82" sc="13" el="82" ec="13" bec="0" bev="0" fileid="4" />
                <SequencePoint vc="0" uspid="1432" ordinal="0" offset="26" sl="84" sc="13" el="84" ec="13" bec="0" bev="0" fileid="4" />
                <SequencePoint vc="0" uspid="1433" ordinal="0" offset="39" sl="86" sc="13" el="86" ec="13" bec="0" bev="0" fileid="4" />
                <SequencePoint vc="0" uspid="1434" ordinal="0" offset="84" sl="87" sc="9" el="87" ec="9" bec="0" bev="0" fileid="4" />
              </SequencePoints>
              <BranchPoints />
            </Method>
            <Method visited="true" cyclomaticComplexity="0" nPathComplexity="0" sequenceCoverage="33.33" branchCoverage="0" crapScore="0" isConstructor="false" isStatic="false" isGetter="false" isSetter="false">
              <Summary numSequencePoints="6" visitedSequencePoints="2" numBranchPoints="0" visitedBranchPoints="0" sequenceCoverage="33.33" branchCoverage="0" maxCyclomaticComplexity="0" minCyclomaticComplexity="0" maxCrapScore="0" minCrapScore="0" visitedClasses="0" numClasses="0" visitedMethods="1" numMethods="1" />
              <MetadataToken>100663325</MetadataToken>
              <Name>System.Void Editor.GameManagerTests::IncreaseScore_UpdatesHiscore_WhenNewHiscore()</Name>
              <FileRef uid="4" />
              <SequencePoints>
                <SequencePoint vc="1" uspid="1435" ordinal="0" offset="0" sl="91" sc="9" el="91" ec="9" bec="0" bev="0" fileid="4" />
                <SequencePoint vc="1" uspid="1436" ordinal="0" offset="1" sl="92" sc="13" el="92" ec="13" bec="0" bev="0" fileid="4" />
                <SequencePoint vc="0" uspid="1437" ordinal="0" offset="13" sl="93" sc="13" el="93" ec="13" bec="0" bev="0" fileid="4" />
                <SequencePoint vc="0" uspid="1438" ordinal="0" offset="16" sl="95" sc="13" el="95" ec="13" bec="0" bev="0" fileid="4" />
                <SequencePoint vc="0" uspid="1439" ordinal="0" offset="29" sl="97" sc="13" el="97" ec="13" bec="0" bev="0" fileid="4" />
                <SequencePoint vc="0" uspid="1440" ordinal="0" offset="72" sl="99" sc="9" el="99" ec="9" bec="0" bev="0" fileid="4" />
              </SequencePoints>
              <BranchPoints />
            </Method>
            <Method visited="true" cyclomaticComplexity="0" nPathComplexity="0" sequenceCoverage="25.00" branchCoverage="0" crapScore="0" isConstructor="false" isStatic="false" isGetter="false" isSetter="false">
              <Summary numSequencePoints="8" visitedSequencePoints="2" numBranchPoints="0" visitedBranchPoints="0" sequenceCoverage="25.00" branchCoverage="0" maxCyclomaticComplexity="0" minCyclomaticComplexity="0" maxCrapScore="0" minCrapScore="0" visitedClasses="0" numClasses="0" visitedMethods="1" numMethods="1" />
              <MetadataToken>100663326</MetadataToken>
              <Name>System.Void Editor.GameManagerTests::IncreaseScore_DoesNotUpdateHiscore_WhenNotNewHiscore()</Name>
              <FileRef uid="4" />
              <SequencePoints>
                <SequencePoint vc="1" uspid="1441" ordinal="0" offset="0" sl="103" sc="9" el="103" ec="9" bec="0" bev="0" fileid="4" />
                <SequencePoint vc="1" uspid="1442" ordinal="0" offset="1" sl="104" sc="13" el="104" ec="13" bec="0" bev="0" fileid="4" />
                <SequencePoint vc="0" uspid="1443" ordinal="0" offset="13" sl="105" sc="13" el="105" ec="13" bec="0" bev="0" fileid="4" />
                <SequencePoint vc="0" uspid="1444" ordinal="0" offset="30" sl="106" sc="13" el="106" ec="13" bec="0" bev="0" fileid="4" />
                <SequencePoint vc="0" uspid="1445" ordinal="0" offset="52" sl="107" sc="13" el="107" ec="13" bec="0" bev="0" fileid="4" />
                <SequencePoint vc="0" uspid="1446" ordinal="0" offset="55" sl="109" sc="13" el="109" ec="13" bec="0" bev="0" fileid="4" />
                <SequencePoint vc="0" uspid="1447" ordinal="0" offset="68" sl="111" sc="13" el="111" ec="13" bec="0" bev="0" fileid="4" />
                <SequencePoint vc="0" uspid="1448" ordinal="0" offset="111" sl="112" sc="9" el="112" ec="9" bec="0" bev="0" fileid="4" />
              </SequencePoints>
              <BranchPoints />
            </Method>
            <Method visited="true" cyclomaticComplexity="0" nPathComplexity="0" sequenceCoverage="22.22" branchCoverage="0" crapScore="0" isConstructor="false" isStatic="false" isGetter="false" isSetter="false">
              <Summary numSequencePoints="9" visitedSequencePoints="2" numBranchPoints="0" visitedBranchPoints="0" sequenceCoverage="22.22" branchCoverage="0" maxCyclomaticComplexity="0" minCyclomaticComplexity="0" maxCrapScore="0" minCrapScore="0" visitedClasses="0" numClasses="0" visitedMethods="1" numMethods="1" />
              <MetadataToken>100663327</MetadataToken>
              <Name>System.Void Editor.GameManagerTests::SaveHiScore_SavesScoreToFile()</Name>
              <FileRef uid="4" />
              <SequencePoints>
                <SequencePoint vc="1" uspid="1449" ordinal="0" offset="0" sl="115" sc="9" el="115" ec="9" bec="0" bev="0" fileid="4" />
                <SequencePoint vc="1" uspid="1450" ordinal="0" offset="1" sl="116" sc="13" el="116" ec="13" bec="0" bev="0" fileid="4" />
                <SequencePoint vc="0" uspid="1451" ordinal="0" offset="13" sl="117" sc="13" el="117" ec="13" bec="0" bev="0" fileid="4" />
                <SequencePoint vc="0" uspid="1452" ordinal="0" offset="30" sl="119" sc="13" el="119" ec="13" bec="0" bev="0" fileid="4" />
                <SequencePoint vc="0" uspid="1453" ordinal="0" offset="53" sl="120" sc="13" el="120" ec="13" bec="0" bev="0" fileid="4" />
                <SequencePoint vc="0" uspid="1454" ordinal="0" offset="67" sl="122" sc="13" el="122" ec="13" bec="0" bev="0" fileid="4" />
                <SequencePoint vc="0" uspid="1455" ordinal="0" offset="90" sl="123" sc="13" el="123" ec="13" bec="0" bev="0" fileid="4" />
                <SequencePoint vc="0" uspid="1456" ordinal="0" offset="109" sl="125" sc="13" el="125" ec="13" bec="0" bev="0" fileid="4" />
                <SequencePoint vc="0" uspid="1457" ordinal="0" offset="136" sl="127" sc="9" el="127" ec="9" bec="0" bev="0" fileid="4" />
              </SequencePoints>
              <BranchPoints />
            </Method>
            <Method visited="true" cyclomaticComplexity="0" nPathComplexity="0" sequenceCoverage="22.22" branchCoverage="0" crapScore="0" isConstructor="false" isStatic="false" isGetter="false" isSetter="false">
              <Summary numSequencePoints="9" visitedSequencePoints="2" numBranchPoints="0" visitedBranchPoints="0" sequenceCoverage="22.22" branchCoverage="0" maxCyclomaticComplexity="0" minCyclomaticComplexity="0" maxCrapScore="0" minCrapScore="0" visitedClasses="0" numClasses="0" visitedMethods="1" numMethods="1" />
              <MetadataToken>100663328</MetadataToken>
              <Name>System.Void Editor.GameManagerTests::LoadHiScore_LoadsScoreFromFile_IfExists()</Name>
              <FileRef uid="4" />
              <SequencePoints>
                <SequencePoint vc="1" uspid="1458" ordinal="0" offset="0" sl="131" sc="9" el="131" ec="9" bec="0" bev="0" fileid="4" />
                <SequencePoint vc="1" uspid="1459" ordinal="0" offset="1" sl="132" sc="13" el="132" ec="13" bec="0" bev="0" fileid="4" />
                <SequencePoint vc="0" uspid="1460" ordinal="0" offset="13" sl="133" sc="13" el="133" ec="13" bec="0" bev="0" fileid="4" />
                <SequencePoint vc="0" uspid="1461" ordinal="0" offset="30" sl="135" sc="13" el="135" ec="13" bec="0" bev="0" fileid="4" />
                <SequencePoint vc="0" uspid="1462" ordinal="0" offset="53" sl="136" sc="13" el="136" ec="13" bec="0" bev="0" fileid="4" />
                <SequencePoint vc="0" uspid="1463" ordinal="0" offset="67" sl="138" sc="13" el="138" ec="13" bec="0" bev="0" fileid="4" />
                <SequencePoint vc="0" uspid="1464" ordinal="0" offset="90" sl="139" sc="13" el="139" ec="13" bec="0" bev="0" fileid="4" />
                <SequencePoint vc="0" uspid="1465" ordinal="0" offset="109" sl="141" sc="13" el="141" ec="13" bec="0" bev="0" fileid="4" />
                <SequencePoint vc="0" uspid="1466" ordinal="0" offset="136" sl="143" sc="9" el="143" ec="9" bec="0" bev="0" fileid="4" />
              </SequencePoints>
              <BranchPoints />
            </Method>
            <Method visited="true" cyclomaticComplexity="0" nPathComplexity="0" sequenceCoverage="50.00" branchCoverage="0" crapScore="0" isConstructor="false" isStatic="false" isGetter="false" isSetter="false">
              <Summary numSequencePoints="10" visitedSequencePoints="5" numBranchPoints="0" visitedBranchPoints="0" sequenceCoverage="50.00" branchCoverage="0" maxCyclomaticComplexity="0" minCyclomaticComplexity="0" maxCrapScore="0" minCrapScore="0" visitedClasses="0" numClasses="0" visitedMethods="1" numMethods="1" />
              <MetadataToken>100663329</MetadataToken>
              <Name>System.Void Editor.GameManagerTests::LoadHiScore_ReturnsZero_IfFileDoesNotExist()</Name>
              <FileRef uid="4" />
              <SequencePoints>
                <SequencePoint vc="1" uspid="1467" ordinal="0" offset="0" sl="146" sc="9" el="146" ec="9" bec="0" bev="0" fileid="4" />
                <SequencePoint vc="1" uspid="1468" ordinal="0" offset="1" sl="147" sc="13" el="147" ec="13" bec="0" bev="0" fileid="4" />
                <SequencePoint vc="1" uspid="1469" ordinal="0" offset="17" sl="148" sc="13" el="148" ec="13" bec="0" bev="0" fileid="4" />
                <SequencePoint vc="0" uspid="1470" ordinal="0" offset="27" sl="149" sc="13" el="149" ec="13" bec="0" bev="0" fileid="4" />
                <SequencePoint vc="0" uspid="1471" ordinal="0" offset="28" sl="150" sc="17" el="150" ec="17" bec="0" bev="0" fileid="4" />
                <SequencePoint vc="0" uspid="1472" ordinal="0" offset="35" sl="151" sc="13" el="151" ec="13" bec="0" bev="0" fileid="4" />
                <SequencePoint vc="1" uspid="1473" ordinal="0" offset="36" sl="153" sc="13" el="153" ec="13" bec="0" bev="0" fileid="4" />
                <SequencePoint vc="1" uspid="1474" ordinal="0" offset="59" sl="154" sc="13" el="154" ec="13" bec="0" bev="0" fileid="4" />
                <SequencePoint vc="0" uspid="1475" ordinal="0" offset="78" sl="156" sc="13" el="156" ec="13" bec="0" bev="0" fileid="4" />
                <SequencePoint vc="0" uspid="1476" ordinal="0" offset="101" sl="157" sc="9" el="157" ec="9" bec="0" bev="0" fileid="4" />
              </SequencePoints>
              <BranchPoints />
            </Method>
            <Method visited="true" cyclomaticComplexity="0" nPathComplexity="0" sequenceCoverage="18.18" branchCoverage="0" crapScore="0" isConstructor="false" isStatic="false" isGetter="false" isSetter="false">
              <Summary numSequencePoints="11" visitedSequencePoints="2" numBranchPoints="0" visitedBranchPoints="0" sequenceCoverage="18.18" branchCoverage="0" maxCyclomaticComplexity="0" minCyclomaticComplexity="0" maxCrapScore="0" minCrapScore="0" visitedClasses="0" numClasses="0" visitedMethods="1" numMethods="1" />
              <MetadataToken>100663330</MetadataToken>
              <Name>System.Void Editor.GameManagerTests::ResetGame_CallsNewGame()</Name>
              <FileRef uid="4" />
              <SequencePoints>
                <SequencePoint vc="1" uspid="1477" ordinal="0" offset="0" sl="161" sc="9" el="161" ec="9" bec="0" bev="0" fileid="4" />
                <SequencePoint vc="1" uspid="1478" ordinal="0" offset="1" sl="162" sc="13" el="162" ec="13" bec="0" bev="0" fileid="4" />
                <SequencePoint vc="0" uspid="1479" ordinal="0" offset="13" sl="163" sc="13" el="163" ec="13" bec="0" bev="0" fileid="4" />
                <SequencePoint vc="0" uspid="1480" ordinal="0" offset="27" sl="164" sc="13" el="164" ec="13" bec="0" bev="0" fileid="4" />
                <SequencePoint vc="0" uspid="1481" ordinal="0" offset="39" sl="165" sc="13" el="165" ec="13" bec="0" bev="0" fileid="4" />
                <SequencePoint vc="0" uspid="1482" ordinal="0" offset="51" sl="167" sc="13" el="167" ec="13" bec="0" bev="0" fileid="4" />
                <SequencePoint vc="0" uspid="1483" ordinal="0" offset="94" sl="168" sc="13" el="168" ec="13" bec="0" bev="0" fileid="4" />
                <SequencePoint vc="0" uspid="1484" ordinal="0" offset="136" sl="169" sc="13" el="169" ec="13" bec="0" bev="0" fileid="4" />
                <SequencePoint vc="0" uspid="1485" ordinal="0" offset="173" sl="170" sc="13" el="170" ec="13" bec="0" bev="0" fileid="4" />
                <SequencePoint vc="0" uspid="1486" ordinal="0" offset="211" sl="171" sc="13" el="171" ec="13" bec="0" bev="0" fileid="4" />
                <SequencePoint vc="0" uspid="1487" ordinal="0" offset="243" sl="172" sc="9" el="172" ec="9" bec="0" bev="0" fileid="4" />
              </SequencePoints>
              <BranchPoints />
            </Method>
            <Method visited="true" cyclomaticComplexity="0" nPathComplexity="0" sequenceCoverage="18.18" branchCoverage="0" crapScore="0" isConstructor="false" isStatic="false" isGetter="false" isSetter="false">
              <Summary numSequencePoints="11" visitedSequencePoints="2" numBranchPoints="0" visitedBranchPoints="0" sequenceCoverage="18.18" branchCoverage="0" maxCyclomaticComplexity="0" minCyclomaticComplexity="0" maxCrapScore="0" minCrapScore="0" visitedClasses="0" numClasses="0" visitedMethods="1" numMethods="1" />
              <MetadataToken>100663331</MetadataToken>
              <Name>System.Void Editor.GameManagerTests::SaveGame_SavesDataToFile()</Name>
              <FileRef uid="4" />
              <SequencePoints>
                <SequencePoint vc="1" uspid="1488" ordinal="0" offset="0" sl="175" sc="9" el="175" ec="9" bec="0" bev="0" fileid="4" />
                <SequencePoint vc="1" uspid="1489" ordinal="0" offset="1" sl="176" sc="13" el="176" ec="13" bec="0" bev="0" fileid="4" />
                <SequencePoint vc="0" uspid="1490" ordinal="0" offset="13" sl="177" sc="13" el="177" ec="13" bec="0" bev="0" fileid="4" />
                <SequencePoint vc="0" uspid="1491" ordinal="0" offset="27" sl="179" sc="13" el="179" ec="13" bec="0" bev="0" fileid="4" />
                <SequencePoint vc="0" uspid="1492" ordinal="0" offset="50" sl="180" sc="13" el="180" ec="13" bec="0" bev="0" fileid="4" />
                <SequencePoint vc="0" uspid="1493" ordinal="0" offset="64" sl="182" sc="13" el="182" ec="13" bec="0" bev="0" fileid="4" />
                <SequencePoint vc="0" uspid="1494" ordinal="0" offset="80" sl="183" sc="13" el="183" ec="13" bec="0" bev="0" fileid="4" />
                <SequencePoint vc="0" uspid="1495" ordinal="0" offset="107" sl="185" sc="13" el="185" ec="13" bec="0" bev="0" fileid="4" />
                <SequencePoint vc="0" uspid="1496" ordinal="0" offset="130" sl="186" sc="13" el="186" ec="13" bec="0" bev="0" fileid="4" />
                <SequencePoint vc="0" uspid="1497" ordinal="0" offset="144" sl="187" sc="13" el="187" ec="13" bec="0" bev="0" fileid="4" />
                <SequencePoint vc="0" uspid="1498" ordinal="0" offset="188" sl="189" sc="9" el="189" ec="9" bec="0" bev="0" fileid="4" />
              </SequencePoints>
              <BranchPoints />
            </Method>
            <Method visited="true" cyclomaticComplexity="0" nPathComplexity="0" sequenceCoverage="18.18" branchCoverage="0" crapScore="0" isConstructor="false" isStatic="false" isGetter="false" isSetter="false">
              <Summary numSequencePoints="11" visitedSequencePoints="2" numBranchPoints="0" visitedBranchPoints="0" sequenceCoverage="18.18" branchCoverage="0" maxCyclomaticComplexity="0" minCyclomaticComplexity="0" maxCrapScore="0" minCrapScore="0" visitedClasses="0" numClasses="0" visitedMethods="1" numMethods="1" />
              <MetadataToken>100663332</MetadataToken>
              <Name>System.Void Editor.GameManagerTests::LoadGame_LoadsDataFromFile()</Name>
              <FileRef uid="4" />
              <SequencePoints>
                <SequencePoint vc="1" uspid="1499" ordinal="0" offset="0" sl="193" sc="9" el="193" ec="9" bec="0" bev="0" fileid="4" />
                <SequencePoint vc="1" uspid="1500" ordinal="0" offset="1" sl="194" sc="13" el="194" ec="13" bec="0" bev="0" fileid="4" />
                <SequencePoint vc="0" uspid="1501" ordinal="0" offset="13" sl="195" sc="13" el="195" ec="13" bec="0" bev="0" fileid="4" />
                <SequencePoint vc="0" uspid="1502" ordinal="0" offset="27" sl="197" sc="13" el="197" ec="13" bec="0" bev="0" fileid="4" />
                <SequencePoint vc="0" uspid="1503" ordinal="0" offset="50" sl="198" sc="13" el="198" ec="13" bec="0" bev="0" fileid="4" />
                <SequencePoint vc="0" uspid="1504" ordinal="0" offset="64" sl="199" sc="13" el="199" ec="13" bec="0" bev="0" fileid="4" />
                <SequencePoint vc="0" uspid="1505" ordinal="0" offset="87" sl="200" sc="13" el="200" ec="13" bec="0" bev="0" fileid="4" />
                <SequencePoint vc="0" uspid="1506" ordinal="0" offset="115" sl="201" sc="13" el="201" ec="13" bec="0" bev="0" fileid="4" />
                <SequencePoint vc="0" uspid="1507" ordinal="0" offset="138" sl="202" sc="13" el="202" ec="13" bec="0" bev="0" fileid="4" />
                <SequencePoint vc="0" uspid="1508" ordinal="0" offset="152" sl="204" sc="13" el="204" ec="13" bec="0" bev="0" fileid="4" />
                <SequencePoint vc="0" uspid="1509" ordinal="0" offset="196" sl="205" sc="9" el="205" ec="9" bec="0" bev="0" fileid="4" />
              </SequencePoints>
              <BranchPoints />
            </Method>
          </Methods>
        </Class>
        <Class>
          <Summary numSequencePoints="105" visitedSequencePoints="79" numBranchPoints="0" visitedBranchPoints="0" sequenceCoverage="75.24" branchCoverage="0.0" maxCyclomaticComplexity="0" minCyclomaticComplexity="0" maxCrapScore="0" minCrapScore="0" visitedClasses="1" numClasses="1" visitedMethods="15" numMethods="15" />
          <FullName>Editor.TileBoardTests</FullName>
          <Methods>
            <Method visited="true" cyclomaticComplexity="0" nPathComplexity="0" sequenceCoverage="100.0" branchCoverage="0" crapScore="0" isConstructor="false" isStatic="false" isGetter="false" isSetter="false">
              <Summary numSequencePoints="40" visitedSequencePoints="40" numBranchPoints="0" visitedBranchPoints="0" sequenceCoverage="100.0" branchCoverage="0" maxCyclomaticComplexity="0" minCyclomaticComplexity="0" maxCrapScore="0" minCrapScore="0" visitedClasses="0" numClasses="0" visitedMethods="1" numMethods="1" />
              <MetadataToken>100663334</MetadataToken>
              <Name>System.Void Editor.TileBoardTests::Setup()</Name>
              <FileRef uid="5" />
              <SequencePoints>
                <SequencePoint vc="16" uspid="1510" ordinal="0" offset="0" sl="21" sc="9" el="21" ec="9" bec="0" bev="0" fileid="5" />
                <SequencePoint vc="16" uspid="1511" ordinal="0" offset="1" sl="22" sc="13" el="22" ec="13" bec="0" bev="0" fileid="5" />
                <SequencePoint vc="16" uspid="1512" ordinal="0" offset="12" sl="23" sc="13" el="23" ec="13" bec="0" bev="0" fileid="5" />
                <SequencePoint vc="16" uspid="1513" ordinal="0" offset="29" sl="24" sc="13" el="24" ec="13" bec="0" bev="0" fileid="5" />
                <SequencePoint vc="16" uspid="1514" ordinal="0" offset="46" sl="25" sc="13" el="25" ec="13" bec="0" bev="0" fileid="5" />
                <SequencePoint vc="16" uspid="1515" ordinal="0" offset="63" sl="27" sc="13" el="27" ec="13" bec="0" bev="0" fileid="5" />
                <SequencePoint vc="16" uspid="1516" ordinal="0" offset="80" sl="28" sc="13" el="28" ec="13" bec="0" bev="0" fileid="5" />
                <SequencePoint vc="16" uspid="1517" ordinal="0" offset="97" sl="29" sc="13" el="29" ec="13" bec="0" bev="0" fileid="5" />
                <SequencePoint vc="16" uspid="1518" ordinal="0" offset="113" sl="30" sc="13" el="30" ec="13" bec="0" bev="0" fileid="5" />
                <SequencePoint vc="16" uspid="1519" ordinal="0" offset="134" sl="31" sc="13" el="31" ec="13" bec="0" bev="0" fileid="5" />
                <SequencePoint vc="16" uspid="1520" ordinal="0" offset="156" sl="32" sc="13" el="32" ec="13" bec="0" bev="0" fileid="5" />
                <SequencePoint vc="16" uspid="1521" ordinal="0" offset="178" sl="34" sc="13" el="34" ec="13" bec="0" bev="0" fileid="5" />
                <SequencePoint vc="16" uspid="1522" ordinal="0" offset="201" sl="35" sc="13" el="35" ec="13" bec="0" bev="0" fileid="5" />
                <SequencePoint vc="16" uspid="1523" ordinal="0" offset="220" sl="38" sc="13" el="38" ec="13" bec="0" bev="0" fileid="5" />
                <SequencePoint vc="16" uspid="1524" ordinal="0" offset="228" sl="39" sc="18" el="39" ec="18" bec="0" bev="0" fileid="5" />
                <SequencePoint vc="176" uspid="1525" ordinal="0" offset="233" sl="40" sc="13" el="40" ec="13" bec="0" bev="0" fileid="5" />
                <SequencePoint vc="176" uspid="1526" ordinal="0" offset="234" sl="41" sc="17" el="41" ec="17" bec="0" bev="0" fileid="5" />
                <SequencePoint vc="176" uspid="1527" ordinal="0" offset="243" sl="42" sc="13" el="42" ec="13" bec="0" bev="0" fileid="5" />
                <SequencePoint vc="176" uspid="1528" ordinal="0" offset="244" sl="39" sc="52" el="39" ec="52" bec="0" bev="0" fileid="5" />
                <SequencePoint vc="192" uspid="1529" ordinal="0" offset="250" sl="39" sc="29" el="39" ec="29" bec="0" bev="0" fileid="5" />
                <SequencePoint vc="16" uspid="1530" ordinal="0" offset="263" sl="43" sc="13" el="43" ec="13" bec="0" bev="0" fileid="5" />
                <SequencePoint vc="16" uspid="1531" ordinal="0" offset="275" sl="45" sc="13" el="45" ec="13" bec="0" bev="0" fileid="5" />
                <SequencePoint vc="16" uspid="1532" ordinal="0" offset="282" sl="46" sc="13" el="46" ec="13" bec="0" bev="0" fileid="5" />
                <SequencePoint vc="16" uspid="1533" ordinal="0" offset="290" sl="47" sc="18" el="47" ec="18" bec="0" bev="0" fileid="5" />
                <SequencePoint vc="64" uspid="1534" ordinal="0" offset="298" sl="48" sc="13" el="48" ec="13" bec="0" bev="0" fileid="5" />
                <SequencePoint vc="64" uspid="1535" ordinal="0" offset="299" sl="49" sc="17" el="49" ec="17" bec="0" bev="0" fileid="5" />
                <SequencePoint vc="64" uspid="1536" ordinal="0" offset="313" sl="50" sc="22" el="50" ec="22" bec="0" bev="0" fileid="5" />
                <SequencePoint vc="256" uspid="1537" ordinal="0" offset="318" sl="51" sc="17" el="51" ec="17" bec="0" bev="0" fileid="5" />
                <SequencePoint vc="256" uspid="1538" ordinal="0" offset="319" sl="52" sc="21" el="52" ec="21" bec="0" bev="0" fileid="5" />
                <SequencePoint vc="256" uspid="1539" ordinal="0" offset="338" sl="53" sc="21" el="53" ec="21" bec="0" bev="0" fileid="5" />
                <SequencePoint vc="256" uspid="1540" ordinal="0" offset="362" sl="55" sc="17" el="55" ec="17" bec="0" bev="0" fileid="5" />
                <SequencePoint vc="256" uspid="1541" ordinal="0" offset="363" sl="50" sc="40" el="50" ec="40" bec="0" bev="0" fileid="5" />
                <SequencePoint vc="320" uspid="1542" ordinal="0" offset="369" sl="50" sc="33" el="50" ec="33" bec="0" bev="0" fileid="5" />
                <SequencePoint vc="64" uspid="1543" ordinal="0" offset="380" sl="56" sc="17" el="56" ec="17" bec="0" bev="0" fileid="5" />
                <SequencePoint vc="64" uspid="1544" ordinal="0" offset="431" sl="57" sc="13" el="57" ec="13" bec="0" bev="0" fileid="5" />
                <SequencePoint vc="64" uspid="1545" ordinal="0" offset="432" sl="47" sc="36" el="47" ec="36" bec="0" bev="0" fileid="5" />
                <SequencePoint vc="80" uspid="1546" ordinal="0" offset="438" sl="47" sc="29" el="47" ec="29" bec="0" bev="0" fileid="5" />
                <SequencePoint vc="16" uspid="1547" ordinal="0" offset="452" sl="58" sc="13" el="58" ec="13" bec="0" bev="0" fileid="5" />
                <SequencePoint vc="16" uspid="1548" ordinal="0" offset="485" sl="59" sc="13" el="59" ec="13" bec="0" bev="0" fileid="5" />
                <SequencePoint vc="16" uspid="1549" ordinal="0" offset="518" sl="61" sc="9" el="61" ec="9" bec="0" bev="0" fileid="5" />
              </SequencePoints>
              <BranchPoints />
            </Method>
            <Method visited="true" cyclomaticComplexity="0" nPathComplexity="0" sequenceCoverage="100.0" branchCoverage="0" crapScore="0" isConstructor="false" isStatic="false" isGetter="false" isSetter="false">
              <Summary numSequencePoints="13" visitedSequencePoints="13" numBranchPoints="0" visitedBranchPoints="0" sequenceCoverage="100.0" branchCoverage="0" maxCyclomaticComplexity="0" minCyclomaticComplexity="0" maxCrapScore="0" minCrapScore="0" visitedClasses="0" numClasses="0" visitedMethods="1" numMethods="1" />
              <MetadataToken>100663335</MetadataToken>
              <Name>System.Void Editor.TileBoardTests::TearDown()</Name>
              <FileRef uid="5" />
              <SequencePoints>
                <SequencePoint vc="16" uspid="1550" ordinal="0" offset="0" sl="65" sc="9" el="65" ec="9" bec="0" bev="0" fileid="5" />
                <SequencePoint vc="16" uspid="1551" ordinal="0" offset="1" sl="66" sc="13" el="66" ec="13" bec="0" bev="0" fileid="5" />
                <SequencePoint vc="16" uspid="1552" ordinal="0" offset="13" sl="67" sc="13" el="67" ec="13" bec="0" bev="0" fileid="5" />
                <SequencePoint vc="16" uspid="1553" ordinal="0" offset="14" sl="67" sc="39" el="67" ec="39" bec="0" bev="0" fileid="5" />
                <SequencePoint vc="176" uspid="1554" ordinal="0" offset="30" sl="67" sc="22" el="67" ec="22" bec="0" bev="0" fileid="5" />
                <SequencePoint vc="176" uspid="1555" ordinal="0" offset="34" sl="68" sc="13" el="68" ec="13" bec="0" bev="0" fileid="5" />
                <SequencePoint vc="176" uspid="1556" ordinal="0" offset="35" sl="69" sc="17" el="69" ec="17" bec="0" bev="0" fileid="5" />
                <SequencePoint vc="176" uspid="1557" ordinal="0" offset="46" sl="70" sc="17" el="70" ec="17" bec="0" bev="0" fileid="5" />
                <SequencePoint vc="176" uspid="1558" ordinal="0" offset="47" sl="71" sc="21" el="71" ec="21" bec="0" bev="0" fileid="5" />
                <SequencePoint vc="176" uspid="1559" ordinal="0" offset="54" sl="72" sc="17" el="72" ec="17" bec="0" bev="0" fileid="5" />
                <SequencePoint vc="176" uspid="1560" ordinal="0" offset="55" sl="73" sc="13" el="73" ec="13" bec="0" bev="0" fileid="5" />
                <SequencePoint vc="192" uspid="1561" ordinal="0" offset="60" sl="67" sc="36" el="67" ec="36" bec="0" bev="0" fileid="5" />
                <SequencePoint vc="16" uspid="1562" ordinal="0" offset="66" sl="74" sc="9" el="74" ec="9" bec="0" bev="0" fileid="5" />
              </SequencePoints>
              <BranchPoints />
            </Method>
            <Method visited="true" cyclomaticComplexity="0" nPathComplexity="0" sequenceCoverage="50.00" branchCoverage="0" crapScore="0" isConstructor="false" isStatic="false" isGetter="false" isSetter="false">
              <Summary numSequencePoints="4" visitedSequencePoints="2" numBranchPoints="0" visitedBranchPoints="0" sequenceCoverage="50.00" branchCoverage="0" maxCyclomaticComplexity="0" minCyclomaticComplexity="0" maxCrapScore="0" minCrapScore="0" visitedClasses="0" numClasses="0" visitedMethods="1" numMethods="1" />
              <MetadataToken>100663336</MetadataToken>
              <Name>System.Void Editor.TileBoardTests::TileBoard_ClearBoard_RemovesAllTiles()</Name>
              <FileRef uid="5" />
              <SequencePoints>
                <SequencePoint vc="1" uspid="1563" ordinal="0" offset="0" sl="78" sc="9" el="78" ec="9" bec="0" bev="0" fileid="5" />
                <SequencePoint vc="1" uspid="1564" ordinal="0" offset="1" sl="79" sc="13" el="79" ec="13" bec="0" bev="0" fileid="5" />
                <SequencePoint vc="0" uspid="1565" ordinal="0" offset="7" sl="80" sc="13" el="80" ec="13" bec="0" bev="0" fileid="5" />
                <SequencePoint vc="0" uspid="1566" ordinal="0" offset="9" sl="82" sc="9" el="82" ec="9" bec="0" bev="0" fileid="5" />
              </SequencePoints>
              <BranchPoints />
            </Method>
            <Method visited="true" cyclomaticComplexity="0" nPathComplexity="0" sequenceCoverage="50.00" branchCoverage="0" crapScore="0" isConstructor="false" isStatic="false" isGetter="false" isSetter="false">
              <Summary numSequencePoints="4" visitedSequencePoints="2" numBranchPoints="0" visitedBranchPoints="0" sequenceCoverage="50.00" branchCoverage="0" maxCyclomaticComplexity="0" minCyclomaticComplexity="0" maxCrapScore="0" minCrapScore="0" visitedClasses="0" numClasses="0" visitedMethods="1" numMethods="1" />
              <MetadataToken>100663337</MetadataToken>
              <Name>System.Void Editor.TileBoardTests::TileBoard_CreateTile_CreatesATile()</Name>
              <FileRef uid="5" />
              <SequencePoints>
                <SequencePoint vc="1" uspid="1567" ordinal="0" offset="0" sl="86" sc="9" el="86" ec="9" bec="0" bev="0" fileid="5" />
                <SequencePoint vc="1" uspid="1568" ordinal="0" offset="1" sl="87" sc="13" el="87" ec="13" bec="0" bev="0" fileid="5" />
                <SequencePoint vc="0" uspid="1569" ordinal="0" offset="7" sl="88" sc="13" el="88" ec="13" bec="0" bev="0" fileid="5" />
                <SequencePoint vc="0" uspid="1570" ordinal="0" offset="9" sl="89" sc="9" el="89" ec="9" bec="0" bev="0" fileid="5" />
              </SequencePoints>
              <BranchPoints />
            </Method>
            <Method visited="true" cyclomaticComplexity="0" nPathComplexity="0" sequenceCoverage="50.00" branchCoverage="0" crapScore="0" isConstructor="false" isStatic="false" isGetter="false" isSetter="false">
[...]
                <SequencePoint vc="4" uspid="2362" ordinal="0" offset="66" sl="27" sc="9" el="27" ec="9" bec="0" bev="0" fileid="19" />
                <SequencePoint vc="4" uspid="2363" ordinal="0" offset="67" sl="21" sc="42" el="21" ec="42" bec="0" bev="0" fileid="19" />
                <SequencePoint vc="5" uspid="2364" ordinal="0" offset="71" sl="21" sc="25" el="21" ec="25" bec="0" bev="0" fileid="19" />
                <SequencePoint vc="1" uspid="2365" ordinal="0" offset="86" sl="28" sc="5" el="28" ec="5" bec="0" bev="0" fileid="19" />
              </SequencePoints>
              <BranchPoints />
            </Method>
            <Method visited="true" cyclomaticComplexity="0" nPathComplexity="0" sequenceCoverage="100.0" branchCoverage="0" crapScore="0" isConstructor="false" isStatic="false" isGetter="false" isSetter="false">
              <Summary numSequencePoints="7" visitedSequencePoints="7" numBranchPoints="0" visitedBranchPoints="0" sequenceCoverage="100.0" branchCoverage="0" maxCyclomaticComplexity="0" minCyclomaticComplexity="0" maxCrapScore="0" minCrapScore="0" visitedClasses="0" numClasses="0" visitedMethods="1" numMethods="1" />
              <MetadataToken>100663378</MetadataToken>
              <Name>TileCell TileGrid::GetCell(System.Int32, System.Int32)</Name>
              <FileRef uid="19" />
              <SequencePoints>
                <SequencePoint vc="20" uspid="2366" ordinal="0" offset="0" sl="31" sc="5" el="31" ec="5" bec="0" bev="0" fileid="19" />
                <SequencePoint vc="20" uspid="2367" ordinal="0" offset="1" sl="32" sc="9" el="32" ec="9" bec="0" bev="0" fileid="19" />
                <SequencePoint vc="15" uspid="2368" ordinal="0" offset="34" sl="33" sc="9" el="33" ec="9" bec="0" bev="0" fileid="19" />
                <SequencePoint vc="15" uspid="2369" ordinal="0" offset="35" sl="34" sc="13" el="34" ec="13" bec="0" bev="0" fileid="19" />
                <SequencePoint vc="5" uspid="2370" ordinal="0" offset="53" sl="37" sc="9" el="37" ec="9" bec="0" bev="0" fileid="19" />
                <SequencePoint vc="5" uspid="2371" ordinal="0" offset="54" sl="38" sc="13" el="38" ec="13" bec="0" bev="0" fileid="19" />
                <SequencePoint vc="20" uspid="2372" ordinal="0" offset="58" sl="40" sc="5" el="40" ec="5" bec="0" bev="0" fileid="19" />
              </SequencePoints>
              <BranchPoints />
            </Method>
            <Method visited="true" cyclomaticComplexity="0" nPathComplexity="0" sequenceCoverage="100.0" branchCoverage="0" crapScore="0" isConstructor="false" isStatic="false" isGetter="false" isSetter="false">
              <Summary numSequencePoints="3" visitedSequencePoints="3" numBranchPoints="0" visitedBranchPoints="0" sequenceCoverage="100.0" branchCoverage="0" maxCyclomaticComplexity="0" minCyclomaticComplexity="0" maxCrapScore="0" minCrapScore="0" visitedClasses="0" numClasses="0" visitedMethods="1" numMethods="1" />
              <MetadataToken>100663379</MetadataToken>
              <Name>TileCell TileGrid::GetCell(UnityEngine.Vector2Int)</Name>
              <FileRef uid="19" />
              <SequencePoints>
                <SequencePoint vc="7" uspid="2373" ordinal="0" offset="0" sl="43" sc="5" el="43" ec="5" bec="0" bev="0" fileid="19" />
                <SequencePoint vc="7" uspid="2374" ordinal="0" offset="1" sl="44" sc="9" el="44" ec="9" bec="0" bev="0" fileid="19" />
                <SequencePoint vc="7" uspid="2375" ordinal="0" offset="24" sl="45" sc="5" el="45" ec="5" bec="0" bev="0" fileid="19" />
              </SequencePoints>
              <BranchPoints />
            </Method>
            <Method visited="true" cyclomaticComplexity="0" nPathComplexity="0" sequenceCoverage="100.0" branchCoverage="0" crapScore="0" isConstructor="false" isStatic="false" isGetter="false" isSetter="false">
              <Summary numSequencePoints="6" visitedSequencePoints="6" numBranchPoints="0" visitedBranchPoints="0" sequenceCoverage="100.0" branchCoverage="0" maxCyclomaticComplexity="0" minCyclomaticComplexity="0" maxCrapScore="0" minCrapScore="0" visitedClasses="0" numClasses="0" visitedMethods="1" numMethods="1" />
              <MetadataToken>100663380</MetadataToken>
              <Name>TileCell TileGrid::GetAdjacentCell(TileCell, UnityEngine.Vector2Int)</Name>
              <FileRef uid="19" />
              <SequencePoints>
                <SequencePoint vc="6" uspid="2376" ordinal="0" offset="0" sl="47" sc="74" el="47" ec="74" bec="0" bev="0" fileid="19" />
                <SequencePoint vc="6" uspid="2377" ordinal="0" offset="1" sl="48" sc="9" el="48" ec="9" bec="0" bev="0" fileid="19" />
                <SequencePoint vc="6" uspid="2378" ordinal="0" offset="8" sl="49" sc="9" el="49" ec="9" bec="0" bev="0" fileid="19" />
                <SequencePoint vc="6" uspid="2379" ordinal="0" offset="30" sl="50" sc="9" el="50" ec="9" bec="0" bev="0" fileid="19" />
                <SequencePoint vc="6" uspid="2380" ordinal="0" offset="52" sl="52" sc="9" el="52" ec="9" bec="0" bev="0" fileid="19" />
                <SequencePoint vc="6" uspid="2381" ordinal="0" offset="62" sl="53" sc="5" el="53" ec="5" bec="0" bev="0" fileid="19" />
              </SequencePoints>
              <BranchPoints />
            </Method>
            <Method visited="true" cyclomaticComplexity="0" nPathComplexity="0" sequenceCoverage="100.0" branchCoverage="0" crapScore="0" isConstructor="false" isStatic="false" isGetter="false" isSetter="false">
              <Summary numSequencePoints="16" visitedSequencePoints="16" numBranchPoints="0" visitedBranchPoints="0" sequenceCoverage="100.0" branchCoverage="0" maxCyclomaticComplexity="0" minCyclomaticComplexity="0" maxCrapScore="0" minCrapScore="0" visitedClasses="0" numClasses="0" visitedMethods="1" numMethods="1" />
              <MetadataToken>100663381</MetadataToken>
              <Name>TileCell TileGrid::GetRandomEmptyCell()</Name>
              <FileRef uid="19" />
              <SequencePoints>
                <SequencePoint vc="2" uspid="2382" ordinal="0" offset="0" sl="56" sc="5" el="56" ec="5" bec="0" bev="0" fileid="19" />
                <SequencePoint vc="2" uspid="2383" ordinal="0" offset="1" sl="57" sc="9" el="57" ec="9" bec="0" bev="0" fileid="19" />
                <SequencePoint vc="2" uspid="2384" ordinal="0" offset="16" sl="58" sc="9" el="58" ec="9" bec="0" bev="0" fileid="19" />
                <SequencePoint vc="17" uspid="2385" ordinal="0" offset="20" sl="61" sc="9" el="61" ec="9" bec="0" bev="0" fileid="19" />
                <SequencePoint vc="17" uspid="2386" ordinal="0" offset="21" sl="62" sc="13" el="62" ec="13" bec="0" bev="0" fileid="19" />
                <SequencePoint vc="17" uspid="2387" ordinal="0" offset="25" sl="64" sc="13" el="64" ec="13" bec="0" bev="0" fileid="19" />
                <SequencePoint vc="1" uspid="2388" ordinal="0" offset="43" sl="65" sc="13" el="65" ec="13" bec="0" bev="0" fileid="19" />
                <SequencePoint vc="1" uspid="2389" ordinal="0" offset="44" sl="66" sc="17" el="66" ec="17" bec="0" bev="0" fileid="19" />
                <SequencePoint vc="1" uspid="2390" ordinal="0" offset="46" sl="67" sc="13" el="67" ec="13" bec="0" bev="0" fileid="19" />
                <SequencePoint vc="17" uspid="2391" ordinal="0" offset="47" sl="69" sc="13" el="69" ec="13" bec="0" bev="0" fileid="19" />
                <SequencePoint vc="1" uspid="2392" ordinal="0" offset="55" sl="70" sc="13" el="70" ec="13" bec="0" bev="0" fileid="19" />
                <SequencePoint vc="1" uspid="2393" ordinal="0" offset="56" sl="71" sc="17" el="71" ec="17" bec="0" bev="0" fileid="19" />
                <SequencePoint vc="16" uspid="2394" ordinal="0" offset="61" sl="74" sc="9" el="74" ec="9" bec="0" bev="0" fileid="19" />
                <SequencePoint vc="18" uspid="2395" ordinal="0" offset="62" sl="60" sc="9" el="60" ec="9" bec="0" bev="0" fileid="19" />
                <SequencePoint vc="1" uspid="2396" ordinal="0" offset="81" sl="76" sc="9" el="76" ec="9" bec="0" bev="0" fileid="19" />
                <SequencePoint vc="2" uspid="2397" ordinal="0" offset="93" sl="77" sc="5" el="77" ec="5" bec="0" bev="0" fileid="19" />
              </SequencePoints>
              <BranchPoints />
            </Method>
          </Methods>
        </Class>
        <Class>
          <Summary numSequencePoints="5" visitedSequencePoints="5" numBranchPoints="0" visitedBranchPoints="0" sequenceCoverage="100.0" branchCoverage="0.0" maxCyclomaticComplexity="0" minCyclomaticComplexity="0" maxCrapScore="0" minCrapScore="0" visitedClasses="1" numClasses="1" visitedMethods="3" numMethods="3" />
          <FullName>TileRow</FullName>
          <Methods>
            <Method visited="true" cyclomaticComplexity="0" nPathComplexity="0" sequenceCoverage="100.0" branchCoverage="0" crapScore="0" isConstructor="false" isStatic="false" isGetter="true" isSetter="false">
              <Summary numSequencePoints="1" visitedSequencePoints="1" numBranchPoints="0" visitedBranchPoints="0" sequenceCoverage="100.0" branchCoverage="0" maxCyclomaticComplexity="0" minCyclomaticComplexity="0" maxCrapScore="0" minCrapScore="0" visitedClasses="0" numClasses="0" visitedMethods="1" numMethods="1" />
              <MetadataToken>100663383</MetadataToken>
              <Name>TileCell[] TileRow::get_cells()</Name>
              <FileRef uid="20" />
              <SequencePoints>
                <SequencePoint vc="90" uspid="2398" ordinal="0" offset="0" sl="5" sc="31" el="5" ec="31" bec="0" bev="0" fileid="20" />
              </SequencePoints>
              <BranchPoints />
            </Method>
            <Method visited="true" cyclomaticComplexity="0" nPathComplexity="0" sequenceCoverage="100.0" branchCoverage="0" crapScore="0" isConstructor="false" isStatic="false" isGetter="false" isSetter="true">
              <Summary numSequencePoints="1" visitedSequencePoints="1" numBranchPoints="0" visitedBranchPoints="0" sequenceCoverage="100.0" branchCoverage="0" maxCyclomaticComplexity="0" minCyclomaticComplexity="0" maxCrapScore="0" minCrapScore="0" visitedClasses="0" numClasses="0" visitedMethods="1" numMethods="1" />
              <MetadataToken>100663384</MetadataToken>
              <Name>System.Void TileRow::set_cells(TileCell[])</Name>
              <FileRef uid="20" />
              <SequencePoints>
                <SequencePoint vc="114" uspid="2399" ordinal="0" offset="0" sl="5" sc="36" el="5" ec="36" bec="0" bev="0" fileid="20" />
              </SequencePoints>
              <BranchPoints />
            </Method>
            <Method visited="true" cyclomaticComplexity="0" nPathComplexity="0" sequenceCoverage="100.0" branchCoverage="0" crapScore="0" isConstructor="false" isStatic="false" isGetter="false" isSetter="false">
              <Summary numSequencePoints="3" visitedSequencePoints="3" numBranchPoints="0" visitedBranchPoints="0" sequenceCoverage="100.0" branchCoverage="0" maxCyclomaticComplexity="0" minCyclomaticComplexity="0" maxCrapScore="0" minCrapScore="0" visitedClasses="0" numClasses="0" visitedMethods="1" numMethods="1" />
              <MetadataToken>100663385</MetadataToken>
              <Name>System.Void TileRow::Awake()</Name>
              <FileRef uid="20" />
              <SequencePoints>
                <SequencePoint vc="1" uspid="2400" ordinal="0" offset="0" sl="8" sc="5" el="8" ec="5" bec="0" bev="0" fileid="20" />
                <SequencePoint vc="1" uspid="2401" ordinal="0" offset="1" sl="9" sc="9" el="9" ec="9" bec="0" bev="0" fileid="20" />
                <SequencePoint vc="1" uspid="2402" ordinal="0" offset="14" sl="10" sc="5" el="10" ec="5" bec="0" bev="0" fileid="20" />
              </SequencePoints>
              <BranchPoints />
            </Method>
          </Methods>
        </Class>
        <Class>
          <Summary numSequencePoints="1" visitedSequencePoints="1" numBranchPoints="0" visitedBranchPoints="0" sequenceCoverage="100.0" branchCoverage="0.0" maxCyclomaticComplexity="0" minCyclomaticComplexity="0" maxCrapScore="0" minCrapScore="0" visitedClasses="1" numClasses="1" visitedMethods="1" numMethods="1" />
          <FullName>GameField/&lt;&gt;c__DisplayClass4_1</FullName>
          <Methods>
            <Method visited="true" cyclomaticComplexity="0" nPathComplexity="0" sequenceCoverage="100.0" branchCoverage="0" crapScore="0" isConstructor="false" isStatic="false" isGetter="false" isSetter="false">
              <Summary numSequencePoints="1" visitedSequencePoints="1" numBranchPoints="0" visitedBranchPoints="0" sequenceCoverage="100.0" branchCoverage="0" maxCyclomaticComplexity="0" minCyclomaticComplexity="0" maxCrapScore="0" minCrapScore="0" visitedClasses="0" numClasses="0" visitedMethods="1" numMethods="1" />
              <MetadataToken>100663392</MetadataToken>
              <Name>System.Boolean GameField/&lt;&gt;c__DisplayClass4_1::&lt;GetEmptyPosition&gt;b__0(Cell)</Name>
              <FileRef uid="13" />
              <SequencePoints>
                <SequencePoint vc="272" uspid="2403" ordinal="0" offset="0" sl="18" sc="40" el="18" ec="40" bec="0" bev="0" fileid="13" />
              </SequencePoints>
              <BranchPoints />
            </Method>
          </Methods>
        </Class>
        <Class>
          <Summary numSequencePoints="13" visitedSequencePoints="2" numBranchPoints="0" visitedBranchPoints="0" sequenceCoverage="15.38" branchCoverage="0.0" maxCyclomaticComplexity="0" minCyclomaticComplexity="0" maxCrapScore="0" minCrapScore="0" visitedClasses="1" numClasses="1" visitedMethods="1" numMethods="1" />
          <FullName>GameManager/&lt;Fade&gt;d__9</FullName>
          <Methods>
            <Method visited="true" cyclomaticComplexity="0" nPathComplexity="0" sequenceCoverage="15.38" branchCoverage="0" crapScore="0" isConstructor="false" isStatic="false" isGetter="false" isSetter="false">
              <Summary numSequencePoints="13" visitedSequencePoints="2" numBranchPoints="0" visitedBranchPoints="0" sequenceCoverage="15.38" branchCoverage="0" maxCyclomaticComplexity="0" minCyclomaticComplexity="0" maxCrapScore="0" minCrapScore="0" visitedClasses="0" numClasses="0" visitedMethods="1" numMethods="1" />
              <MetadataToken>100663395</MetadataToken>
              <Name>System.Boolean GameManager/&lt;Fade&gt;d__9::MoveNext()</Name>
              <FileRef uid="14" />
              <SequencePoints>
                <SequencePoint vc="1" uspid="2404" ordinal="0" offset="45" sl="60" sc="5" el="60" ec="5" bec="0" bev="0" fileid="14" />
                <SequencePoint vc="1" uspid="2405" ordinal="0" offset="46" sl="61" sc="9" el="61" ec="9" bec="0" bev="0" fileid="14" />
                <SequencePoint vc="0" uspid="2406" ordinal="0" offset="79" sl="63" sc="9" el="63" ec="9" bec="0" bev="0" fileid="14" />
                <SequencePoint vc="0" uspid="2407" ordinal="0" offset="90" sl="64" sc="9" el="64" ec="9" bec="0" bev="0" fileid="14" />
                <SequencePoint vc="0" uspid="2408" ordinal="0" offset="101" sl="65" sc="9" el="65" ec="9" bec="0" bev="0" fileid="14" />
                <SequencePoint vc="0" uspid="2409" ordinal="0" offset="120" sl="68" sc="9" el="68" ec="9" bec="0" bev="0" fileid="14" />
                <SequencePoint vc="0" uspid="2410" ordinal="0" offset="121" sl="69" sc="13" el="69" ec="13" bec="0" bev="0" fileid="14" />
                <SequencePoint vc="0" uspid="2411" ordinal="0" offset="163" sl="70" sc="13" el="70" ec="13" bec="0" bev="0" fileid="14" />
                <SequencePoint vc="0" uspid="2412" ordinal="0" offset="181" sl="71" sc="13" el="71" ec="13" bec="0" bev="0" fileid="14" />
                <SequencePoint vc="0" uspid="2413" ordinal="0" offset="204" sl="72" sc="9" el="72" ec="9" bec="0" bev="0" fileid="14" />
                <SequencePoint vc="0" uspid="2414" ordinal="0" offset="205" sl="67" sc="9" el="67" ec="9" bec="0" bev="0" fileid="14" />
                <SequencePoint vc="0" uspid="2415" ordinal="0" offset="223" sl="74" sc="9" el="74" ec="9" bec="0" bev="0" fileid="14" />
                <SequencePoint vc="0" uspid="2416" ordinal="0" offset="241" sl="75" sc="5" el="75" ec="5" bec="0" bev="0" fileid="14" />
              </SequencePoints>
              <BranchPoints />
            </Method>
          </Methods>
        </Class>
        <Class>
          <Summary numSequencePoints="16" visitedSequencePoints="9" numBranchPoints="0" visitedBranchPoints="0" sequenceCoverage="56.25" branchCoverage="0.0" maxCyclomaticComplexity="0" minCyclomaticComplexity="0" maxCrapScore="0" minCrapScore="0" visitedClasses="1" numClasses="1" visitedMethods="1" numMethods="1" />
          <FullName>Tile/&lt;Animate&gt;d__25</FullName>
          <Methods>
            <Method visited="true" cyclomaticComplexity="0" nPathComplexity="0" sequenceCoverage="56.25" branchCoverage="0" crapScore="0" isConstructor="false" isStatic="false" isGetter="false" isSetter="false">
              <Summary numSequencePoints="16" visitedSequencePoints="9" numBranchPoints="0" visitedBranchPoints="0" sequenceCoverage="56.25" branchCoverage="0" maxCyclomaticComplexity="0" minCyclomaticComplexity="0" maxCrapScore="0" minCrapScore="0" visitedClasses="0" numClasses="0" visitedMethods="1" numMethods="1" />
              <MetadataToken>100663402</MetadataToken>
              <Name>System.Boolean Tile/&lt;Animate&gt;d__25::MoveNext()</Name>
              <FileRef uid="16" />
              <SequencePoints>
                <SequencePoint vc="2" uspid="2417" ordinal="0" offset="34" sl="77" sc="5" el="77" ec="5" bec="0" bev="0" fileid="16" />
                <SequencePoint vc="2" uspid="2418" ordinal="0" offset="35" sl="78" sc="9" el="78" ec="9" bec="0" bev="0" fileid="16" />
                <SequencePoint vc="2" uspid="2419" ordinal="0" offset="46" sl="79" sc="9" el="79" ec="9" bec="0" bev="0" fileid="16" />
                <SequencePoint vc="2" uspid="2420" ordinal="0" offset="57" sl="81" sc="9" el="81" ec="9" bec="0" bev="0" fileid="16" />
                <SequencePoint vc="2" uspid="2421" ordinal="0" offset="81" sl="84" sc="9" el="84" ec="9" bec="0" bev="0" fileid="16" />
                <SequencePoint vc="2" uspid="2422" ordinal="0" offset="82" sl="85" sc="13" el="85" ec="13" bec="0" bev="0" fileid="16" />
                <SequencePoint vc="2" uspid="2423" ordinal="0" offset="129" sl="86" sc="13" el="86" ec="13" bec="0" bev="0" fileid="16" />
                <SequencePoint vc="2" uspid="2424" ordinal="0" offset="147" sl="87" sc="13" el="87" ec="13" bec="0" bev="0" fileid="16" />
                <SequencePoint vc="0" uspid="2425" ordinal="0" offset="170" sl="88" sc="9" el="88" ec="9" bec="0" bev="0" fileid="16" />
                <SequencePoint vc="2" uspid="2426" ordinal="0" offset="171" sl="83" sc="9" el="83" ec="9" bec="0" bev="0" fileid="16" />
                <SequencePoint vc="0" uspid="2427" ordinal="0" offset="189" sl="90" sc="9" el="90" ec="9" bec="0" bev="0" fileid="16" />
                <SequencePoint vc="0" uspid="2428" ordinal="0" offset="212" sl="92" sc="9" el="92" ec="9" bec="0" bev="0" fileid="16" />
                <SequencePoint vc="0" uspid="2429" ordinal="0" offset="222" sl="93" sc="9" el="93" ec="9" bec="0" bev="0" fileid="16" />
                <SequencePoint vc="0" uspid="2430" ordinal="0" offset="223" sl="94" sc="13" el="94" ec="13" bec="0" bev="0" fileid="16" />
                <SequencePoint vc="0" uspid="2431" ordinal="0" offset="240" sl="95" sc="9" el="95" ec="9" bec="0" bev="0" fileid="16" />
                <SequencePoint vc="0" uspid="2432" ordinal="0" offset="241" sl="96" sc="5" el="96" ec="5" bec="0" bev="0" fileid="16" />
              </SequencePoints>
              <BranchPoints />
            </Method>
          </Methods>
        </Class>
      </Classes>
    </Module>
  </Modules>
</CoverageSession>